[    0.000000] Initializing cgroup subsys cpuset
[    0.000000] Initializing cgroup subsys cpu
[    0.000000] Initializing cgroup subsys cpuacct
[    0.000000] Linux version 4.4.0-210-generic (buildd@lgw01-amd64-009) (gcc version 5.4.0 20160609 (Ubuntu 5.4.0-6ubuntu1~16.04.12) ) #242-Ubuntu SMP Fri Apr 16 09:57:56 UTC 2021 (Ubuntu 4.4.0-210.242-generic 4.4.262)
[    0.000000] Command line: BOOT_IMAGE=/boot/vmlinuz-4.4.0-210-generic root=LABEL=cloudimg-rootfs ro console=tty1 console=ttyS0
[    0.000000] KERNEL supported cpus:
[    0.000000]   Intel GenuineIntel
[    0.000000]   AMD AuthenticAMD
[    0.000000]   Centaur CentaurHauls
[    0.000000] x86/fpu: xstate_offset[2]:  576, xstate_sizes[2]:  256
[    0.000000] x86/fpu: Supporting XSAVE feature 0x01: 'x87 floating point registers'
[    0.000000] x86/fpu: Supporting XSAVE feature 0x02: 'SSE registers'
[    0.000000] x86/fpu: Supporting XSAVE feature 0x04: 'AVX registers'
[    0.000000] x86/fpu: Enabled xstate features 0x7, context size is 832 bytes, using 'standard' format.
[    0.000000] e820: BIOS-provided physical RAM map:
[    0.000000] BIOS-e820: [mem 0x0000000000000000-0x000000000009fbff] usable
[    0.000000] BIOS-e820: [mem 0x000000000009fc00-0x000000000009ffff] reserved
[    0.000000] BIOS-e820: [mem 0x00000000000f0000-0x00000000000fffff] reserved
[    0.000000] BIOS-e820: [mem 0x0000000000100000-0x00000000dffeffff] usable
[    0.000000] BIOS-e820: [mem 0x00000000dfff0000-0x00000000dfffffff] ACPI data
[    0.000000] BIOS-e820: [mem 0x00000000fec00000-0x00000000fec00fff] reserved
[    0.000000] BIOS-e820: [mem 0x00000000fee00000-0x00000000fee00fff] reserved
[    0.000000] BIOS-e820: [mem 0x00000000fffc0000-0x00000000ffffffff] reserved
[    0.000000] BIOS-e820: [mem 0x0000000100000000-0x000000011fffffff] usable
[    0.000000] NX (Execute Disable) protection: active
[    0.000000] SMBIOS 2.5 present.
[    0.000000] Hypervisor detected: KVM
[    0.000000] e820: last_pfn = 0x120000 max_arch_pfn = 0x400000000
[    0.000000] MTRR: Disabled
[    0.000000] x86/PAT: MTRRs disabled, skipping PAT initialization too.
[    0.000000] CPU MTRRs all blank - virtualized system.
[    0.000000] x86/PAT: Configuration [0-7]: WB  WT  UC- UC  WB  WT  UC- UC  
[    0.000000] e820: last_pfn = 0xdfff0 max_arch_pfn = 0x400000000
[    0.000000] found SMP MP-table at [mem 0x0009fff0-0x0009ffff] mapped at [ffff88000009fff0]
[    0.000000] Scanning 1 areas for low memory corruption
[    0.000000] RAMDISK: [mem 0x362dc000-0x37165fff]
[    0.000000] ACPI: Early table checksum verification disabled
[    0.000000] ACPI: RSDP 0x00000000000E0000 000024 (v02 VBOX  )
[    0.000000] ACPI: XSDT 0x00000000DFFF0030 00003C (v01 VBOX   VBOXXSDT 00000001 ASL  00000061)
[    0.000000] ACPI: FACP 0x00000000DFFF00F0 0000F4 (v04 VBOX   VBOXFACP 00000001 ASL  00000061)
[    0.000000] ACPI: DSDT 0x00000000DFFF0610 002353 (v02 VBOX   VBOXBIOS 00000002 INTL 20200925)
[    0.000000] ACPI: FACS 0x00000000DFFF0200 000040
[    0.000000] ACPI: FACS 0x00000000DFFF0200 000040
[    0.000000] ACPI: APIC 0x00000000DFFF0240 000054 (v02 VBOX   VBOXAPIC 00000001 ASL  00000061)
[    0.000000] ACPI: SSDT 0x00000000DFFF02A0 00036C (v01 VBOX   VBOXCPUT 00000002 INTL 20200925)
[    0.000000] No NUMA configuration found
[    0.000000] Faking a node at [mem 0x0000000000000000-0x000000011fffffff]
[    0.000000] NODE_DATA(0) allocated [mem 0x11fff7000-0x11fffbfff]
[    0.000000] kvm-clock: Using msrs 4b564d01 and 4b564d00
[    0.000000] kvm-clock: cpu 0, msr 1:1ffef001, primary cpu clock
[    0.000000] kvm-clock: using sched offset of 2805067421 cycles
[    0.000000] clocksource: kvm-clock: mask: 0xffffffffffffffff max_cycles: 0x1cd42e4dffb, max_idle_ns: 881590591483 ns
[    0.000000] Zone ranges:
[    0.000000]   DMA      [mem 0x0000000000001000-0x0000000000ffffff]
[    0.000000]   DMA32    [mem 0x0000000001000000-0x00000000ffffffff]
[    0.000000]   Normal   [mem 0x0000000100000000-0x000000011fffffff]
[    0.000000]   Device   empty
[    0.000000] Movable zone start for each node
[    0.000000] Early memory node ranges
[    0.000000]   node   0: [mem 0x0000000000001000-0x000000000009efff]
[    0.000000]   node   0: [mem 0x0000000000100000-0x00000000dffeffff]
[    0.000000]   node   0: [mem 0x0000000100000000-0x000000011fffffff]
[    0.000000] Initmem setup node 0 [mem 0x0000000000001000-0x000000011fffffff]
[    0.000000] ACPI: PM-Timer IO Port: 0x4008
[    0.000000] IOAPIC[0]: apic_id 1, version 32, address 0xfec00000, GSI 0-23
[    0.000000] ACPI: INT_SRC_OVR (bus 0 bus_irq 0 global_irq 2 dfl dfl)
[    0.000000] ACPI: INT_SRC_OVR (bus 0 bus_irq 9 global_irq 9 low level)
[    0.000000] Using ACPI (MADT) for SMP configuration information
[    0.000000] smpboot: Allowing 1 CPUs, 0 hotplug CPUs
[    0.000000] PM: Registered nosave memory: [mem 0x00000000-0x00000fff]
[    0.000000] PM: Registered nosave memory: [mem 0x0009f000-0x0009ffff]
[    0.000000] PM: Registered nosave memory: [mem 0x000a0000-0x000effff]
[    0.000000] PM: Registered nosave memory: [mem 0x000f0000-0x000fffff]
[    0.000000] PM: Registered nosave memory: [mem 0xdfff0000-0xdfffffff]
[    0.000000] PM: Registered nosave memory: [mem 0xe0000000-0xfebfffff]
[    0.000000] PM: Registered nosave memory: [mem 0xfec00000-0xfec00fff]
[    0.000000] PM: Registered nosave memory: [mem 0xfec01000-0xfedfffff]
[    0.000000] PM: Registered nosave memory: [mem 0xfee00000-0xfee00fff]
[    0.000000] PM: Registered nosave memory: [mem 0xfee01000-0xfffbffff]
[    0.000000] PM: Registered nosave memory: [mem 0xfffc0000-0xffffffff]
[    0.000000] e820: [mem 0xe0000000-0xfebfffff] available for PCI devices
[    0.000000] Booting paravirtualized kernel on KVM
[    0.000000] clocksource: refined-jiffies: mask: 0xffffffff max_cycles: 0xffffffff, max_idle_ns: 7645519600211568 ns
[    0.000000] setup_percpu: NR_CPUS:512 nr_cpumask_bits:512 nr_cpu_ids:1 nr_node_ids:1
[    0.000000] PERCPU: Embedded 33 pages/cpu @ffff88011fc00000 s95192 r8192 d31784 u2097152
[    0.000000] Built 1 zonelists in Node order, mobility grouping on.  Total pages: 1032056
[    0.000000] Policy zone: Normal
[    0.000000] Kernel command line: BOOT_IMAGE=/boot/vmlinuz-4.4.0-210-generic root=LABEL=cloudimg-rootfs ro console=tty1 console=ttyS0
[    0.000000] PID hash table entries: 4096 (order: 3, 32768 bytes)
[    0.000000] Memory: 4028436K/4193848K available (8644K kernel code, 1332K rwdata, 4044K rodata, 1492K init, 1164K bss, 165412K reserved, 0K cma-reserved)
[    0.000000] SLUB: HWalign=64, Order=0-3, MinObjects=0, CPUs=1, Nodes=1
[    0.000000] Kernel/User page tables isolation: enabled
[    0.000000] Hierarchical RCU implementation.
[    0.000000] 	Build-time adjustment of leaf fanout to 64.
[    0.000000] 	RCU restricting CPUs from NR_CPUS=512 to nr_cpu_ids=1.
[    0.000000] RCU: Adjusting geometry for rcu_fanout_leaf=64, nr_cpu_ids=1
[    0.000000] NR_IRQS:33024 nr_irqs:256 16
[    0.000000] Console: colour VGA+ 80x25
[    0.000000] console [tty1] enabled
[    0.000000] console [ttyS0] enabled
[    0.000000] tsc: Detected 2419.200 MHz processor
[    0.115695] Calibrating delay loop (skipped) preset value.. 4838.40 BogoMIPS (lpj=9676800)
[    0.116833] pid_max: default: 32768 minimum: 301
[    0.117573] ACPI: Core revision 20150930
[    0.118967] ACPI: 2 ACPI AML tables successfully acquired and loaded
[    0.119924] Security Framework initialized
[    0.120454] Yama: becoming mindful.
[    0.121031] AppArmor: AppArmor initialized
[    0.121862] Dentry cache hash table entries: 524288 (order: 10, 4194304 bytes)
[    0.123483] Inode-cache hash table entries: 262144 (order: 9, 2097152 bytes)
[    0.124540] Mount-cache hash table entries: 8192 (order: 4, 65536 bytes)
[    0.125352] Mountpoint-cache hash table entries: 8192 (order: 4, 65536 bytes)
[    0.126414] Initializing cgroup subsys io
[    0.126974] Initializing cgroup subsys memory
[    0.127670] Initializing cgroup subsys devices
[    0.128246] Initializing cgroup subsys freezer
[    0.128805] Initializing cgroup subsys net_cls
[    0.129379] Initializing cgroup subsys perf_event
[    0.130000] Initializing cgroup subsys net_prio
[    0.130590] Initializing cgroup subsys hugetlb
[    0.131187] Initializing cgroup subsys pids
[    0.160405] mce: CPU supports 0 MCE banks
[    0.161090] process: using mwait in idle threads
[    0.161697] Last level iTLB entries: 4KB 0, 2MB 0, 4MB 0
[    0.162271] Last level dTLB entries: 4KB 0, 2MB 0, 4MB 0, 1GB 0
[    0.162932] Spectre V1 : Mitigation: usercopy/swapgs barriers and __user pointer sanitization
[    0.164074] Spectre V2 : Mitigation: Full generic retpoline
[    0.164696] Spectre V2 : Spectre v2 / SpectreRSB mitigation: Filling RSB on context switch
[    0.165632] Speculative Store Bypass: Vulnerable
[    0.166380] MDS: Mitigation: Clear CPU buffers
[    0.182078] Freeing SMP alternatives memory: 36K
[    0.187240] ftrace: allocating 32380 entries in 127 pages
[    0.230575] smpboot: APIC(0) Converting physical 0 to logical package 0
[    0.231679] smpboot: Max logical packages: 1
[    0.232740] x2apic enabled
[    0.233480] Switched APIC routing to physical x2apic.
[    0.235327] ..TIMER: vector=0x30 apic1=0 pin1=2 apic2=-1 pin2=-1
[    0.344241] smpboot: CPU0: 11th Gen Intel(R) Core(TM) i5-1135G7 @ 2.40GHz (family: 0x6, model: 0x8c, stepping: 0x1)
[    0.345759] Performance Events: unsupported p6 CPU model 140 no PMU driver, software events only.
[    0.354027] KVM setup paravirtual spinlock
[    0.355368] x86: Booted up 1 node, 1 CPUs
[    0.355858] smpboot: Total of 1 processors activated (4838.40 BogoMIPS)
[    0.356733] devtmpfs: initialized
[    0.358210] evm: security.selinux
[    0.358686] evm: security.SMACK64
[    0.359144] evm: security.SMACK64EXEC
[    0.359587] evm: security.SMACK64TRANSMUTE
[    0.360056] evm: security.SMACK64MMAP
[    0.360500] evm: security.ima
[    0.360909] evm: security.capability
[    0.361432] clocksource: jiffies: mask: 0xffffffff max_cycles: 0xffffffff, max_idle_ns: 7645041785100000 ns
[    0.362509] futex hash table entries: 256 (order: 2, 16384 bytes)
[    0.363442] pinctrl core: initialized pinctrl subsystem
[    0.364276] RTC time: 22:21:22, date: 11/19/24
[    0.365263] NET: Registered protocol family 16
[    0.365919] cpuidle: using governor ladder
[    0.366409] cpuidle: using governor menu
[    0.366890] PCCT header not found.
[    0.367469] ACPI: bus type PCI registered
[    0.367945] acpiphp: ACPI Hot Plug PCI Controller Driver version: 0.5
[    0.368679] PCI: Using configuration type 1 for base access
[    0.370356] ACPI: Added _OSI(Module Device)
[    0.370959] ACPI: Added _OSI(Processor Device)
[    0.371495] ACPI: Added _OSI(3.0 _SCP Extensions)
[    0.372006] ACPI: Added _OSI(Processor Aggregator Device)
[    0.372973] ACPI: Executed 1 blocks of module-level executable AML code
[    0.375057] ACPI: Interpreter enabled
[    0.375537] ACPI: (supports S0 S5)
[    0.375981] ACPI: Using IOAPIC for interrupt routing
[    0.376678] PCI: Using host bridge windows from ACPI; if necessary, use "pci=nocrs" and report a bug
[    0.379988] ACPI: PCI Root Bridge [PCI0] (domain 0000 [bus 00-ff])
[    0.380708] acpi PNP0A03:00: _OSC: OS supports [ASPM ClockPM Segments MSI]
[    0.381608] acpi PNP0A03:00: _OSC: not requesting OS control; OS requires [ExtendedConfig ASPM ClockPM MSI]
[    0.382620] acpi PNP0A03:00: fail to add MMCONFIG information, can't access extended PCI configuration space under this bridge.
[    0.383943] PCI host bridge to bus 0000:00
[    0.384478] pci_bus 0000:00: root bus resource [io  0x0000-0x0cf7 window]
[    0.391606] pci_bus 0000:00: root bus resource [io  0x0d00-0xffff window]
[    0.392411] pci_bus 0000:00: root bus resource [mem 0x000a0000-0x000bffff window]
[    0.393291] pci_bus 0000:00: root bus resource [mem 0xe0000000-0xfdffffff window]
[    0.394177] pci_bus 0000:00: root bus resource [bus 00-ff]
[    0.395654] pci 0000:00:01.1: legacy IDE quirk: reg 0x10: [io  0x01f0-0x01f7]
[    0.396385] pci 0000:00:01.1: legacy IDE quirk: reg 0x14: [io  0x03f6]
[    0.397296] pci 0000:00:01.1: legacy IDE quirk: reg 0x18: [io  0x0170-0x0177]
[    0.398303] pci 0000:00:01.1: legacy IDE quirk: reg 0x1c: [io  0x0376]
[    0.430871] pci 0000:00:07.0: quirk: [io  0x4000-0x403f] claimed by PIIX4 ACPI
[    0.432074] pci 0000:00:07.0: quirk: [io  0x4100-0x410f] claimed by PIIX4 SMB
[    0.461189] ACPI: PCI Interrupt Link [LNKA] (IRQs 5 9 10 *11)
[    0.464409] ACPI: PCI Interrupt Link [LNKB] (IRQs 5 9 *10 11)
[    0.465600] ACPI: PCI Interrupt Link [LNKC] (IRQs 5 *9 10 11)
[    0.469508] ACPI: PCI Interrupt Link [LNKD] (IRQs 5 9 10 *11)
[    0.471468] ACPI: Enabled 2 GPEs in block 00 to 07
[    0.472394] vgaarb: setting as boot device: PCI:0000:00:02.0
[    0.474807] vgaarb: device added: PCI:0000:00:02.0,decodes=io+mem,owns=io+mem,locks=none
[    0.476027] vgaarb: loaded
[    0.476598] vgaarb: bridge control possible 0000:00:02.0
[    0.479132] SCSI subsystem initialized
[    0.479760] ACPI: bus type USB registered
[    0.480314] usbcore: registered new interface driver usbfs
[    0.483034] usbcore: registered new interface driver hub
[    0.483833] usbcore: registered new device driver usb
[    0.484726] PCI: Using ACPI for IRQ routing
[    0.487065] NetLabel: Initializing
[    0.489681] NetLabel:  domain hash size = 128
[    0.490289] NetLabel:  protocols = UNLABELED CIPSOv4
[    0.490852] NetLabel:  unlabeled traffic allowed by default
[    0.491515] amd_nb: Cannot enumerate AMD northbridges
[    0.492233] clocksource: Switched to clocksource kvm-clock
[    0.496952] AppArmor: AppArmor Filesystem Enabled
[    0.497681] pnp: PnP ACPI init
[    0.498571] pnp: PnP ACPI: found 3 devices
[    0.504374] clocksource: acpi_pm: mask: 0xffffff max_cycles: 0xffffff, max_idle_ns: 2085701024 ns
[    0.505892] NET: Registered protocol family 2
[    0.506698] TCP established hash table entries: 32768 (order: 6, 262144 bytes)
[    0.507846] TCP bind hash table entries: 32768 (order: 7, 524288 bytes)
[    0.508968] TCP: Hash tables configured (established 32768 bind 32768)
[    0.509889] UDP hash table entries: 2048 (order: 4, 65536 bytes)
[    0.510773] UDP-Lite hash table entries: 2048 (order: 4, 65536 bytes)
[    0.511710] NET: Registered protocol family 1
[    0.512393] pci 0000:00:00.0: Limiting direct PCI/PCI transfers
[    0.513299] pci 0000:00:01.0: Activating ISA DMA hang workarounds
[    0.514231] Unpacking initramfs...
[    0.671257] Freeing initrd memory: 14888K
[    0.672092] PCI-DMA: Using software bounce buffering for IO (SWIOTLB)
[    0.672993] software IO TLB: mapped [mem 0xdbff0000-0xdfff0000] (64MB)
[    0.673950] clocksource: tsc: mask: 0xffffffffffffffff max_cycles: 0x22df1149949, max_idle_ns: 440795312789 ns
[    0.675453] platform rtc_cmos: registered platform RTC device (no PNP device found)
[    0.676572] Scanning for low memory corruption every 60 seconds
[    0.677636] audit: initializing netlink subsys (disabled)
[    0.678445] audit: type=2000 audit(1732054886.539:1): initialized
[    0.679422] Initialise system trusted keyring
[    0.680255] HugeTLB registered 2 MB page size, pre-allocated 0 pages
[    0.681952] zbud: loaded
[    0.682726] VFS: Disk quotas dquot_6.6.0
[    0.683392] VFS: Dquot-cache hash table entries: 512 (order 0, 4096 bytes)
[    0.684492] squashfs: version 4.0 (2009/01/31) Phillip Lougher
[    0.685499] fuse init (API version 7.23)
[    0.686245] Key type big_key registered
[    0.686933] Allocating IMA MOK and blacklist keyrings.
[    0.687860] Key type asymmetric registered
[    0.688525] Asymmetric key parser 'x509' registered
[    0.689296] Block layer SCSI generic (bsg) driver version 0.4 loaded (major 249)
[    0.690488] io scheduler noop registered
[    0.691120] io scheduler deadline registered (default)
[    0.691925] io scheduler cfq registered
[    0.692621] pci_hotplug: PCI Hot Plug PCI Core version: 0.5
[    0.693483] pciehp: PCI Express Hot Plug Controller Driver version: 0.4
[    0.694534] ACPI: AC Adapter [AC] (on-line)
[    0.695214] input: Power Button as /devices/LNXSYSTM:00/LNXPWRBN:00/input/input0
[    0.696379] ACPI: Power Button [PWRF]
[    0.697044] input: Sleep Button as /devices/LNXSYSTM:00/LNXSLPBN:00/input/input1
[    0.698208] ACPI: Sleep Button [SLPF]
[    0.699300] ACPI: Battery Slot [BAT0] (battery present)
[    0.700071] GHES: HEST is not enabled!
[    0.700754] Serial: 8250/16550 driver, 32 ports, IRQ sharing enabled
[    0.721987] 00:02: ttyS0 at I/O 0x3f8 (irq = 4, base_baud = 115200) is a 16550A
[    0.724065] Linux agpgart interface v0.103
[    0.725601] loop: module loaded
[    0.726533] scsi host0: ata_piix
[    0.727143] scsi host1: ata_piix
[    0.727763] ata1: PATA max UDMA/33 cmd 0x1f0 ctl 0x3f6 bmdma 0xd000 irq 14
[    0.728713] ata2: PATA max UDMA/33 cmd 0x170 ctl 0x376 bmdma 0xd008 irq 15
[    0.729940] libphy: Fixed MDIO Bus: probed
[    0.730589] tun: Universal TUN/TAP device driver, 1.6
[    0.731319] tun: (C) 1999-2004 Max Krasnyansky <maxk@qualcomm.com>
[    0.732249] PPP generic driver version 2.4.2
[    0.733012] ehci_hcd: USB 2.0 'Enhanced' Host Controller (EHCI) Driver
[    0.734102] ehci-pci: EHCI PCI platform driver
[    0.734833] ehci-platform: EHCI generic platform driver
[    0.735642] ohci_hcd: USB 1.1 'Open' Host Controller (OHCI) Driver
[    0.736348] ohci-pci: OHCI PCI platform driver
[    0.736891] ohci-platform: OHCI generic platform driver
[    0.737460] uhci_hcd: USB Universal Host Controller Interface driver
[    0.738130] i8042: PNP: PS/2 Controller [PNP0303:PS2K,PNP0f03:PS2M] at 0x60,0x64 irq 1,12
[    0.739432] serio: i8042 KBD port at 0x60,0x64 irq 1
[    0.740000] serio: i8042 AUX port at 0x60,0x64 irq 12
[    0.740801] mousedev: PS/2 mouse device common for all mice
[    0.741585] input: AT Translated Set 2 keyboard as /devices/platform/i8042/serio0/input/input2
[    0.742772] rtc_cmos rtc_cmos: rtc core: registered rtc_cmos as rtc0
[    0.743465] rtc_cmos rtc_cmos: alarms up to one day, 114 bytes nvram
[    0.744119] i2c /dev entries driver
[    0.744641] device-mapper: uevent: version 1.0.3
[    0.745221] device-mapper: ioctl: 4.34.0-ioctl (2015-10-28) initialised: dm-devel@redhat.com
[    0.746178] ledtrig-cpu: registered to indicate activity on CPUs
[    0.747239] NET: Registered protocol family 10
[    0.748035] NET: Registered protocol family 17
[    0.748781] Key type dns_resolver registered
[    0.749594] registered taskstats version 1
[    0.750234] Loading compiled-in X.509 certificates
[    0.751436] Loaded X.509 cert 'Build time autogenerated kernel key: cf00e047681d67edb2720680708b7d9498083038'
[    0.752876] zswap: loaded using pool lzo/zbud
[    0.754543] Key type trusted registered
[    0.756836] Key type encrypted registered
[    0.757502] AppArmor: AppArmor sha1 policy hashing enabled
[    0.758264] ima: No TPM chip found, activating TPM-bypass!
[    0.759075] ima: Allocated hash algorithm: sha1
[    0.759796] evm: HMAC attrs: 0x1
[    0.760592]   Magic number: 0:617:401
[    0.761308] rtc_cmos rtc_cmos: setting system clock to 2024-11-19 22:21:22 UTC (1732054882)
[    0.762599] BIOS EDD facility v0.16 2004-Jun-25, 0 devices found
[    0.763509] EDD information not available.
[    0.906899] Freeing unused kernel memory: 1492K
[    0.907685] Write protecting the kernel read-only data: 14336k
[    0.908783] Freeing unused kernel memory: 1584K
[    0.909638] Freeing unused kernel memory: 52K
Loading, please wait...
starting version 229
[    0.917524] random: udevadm: uninitialized urandom read (16 bytes read, 3 bits of entropy available)
[    0.918888] random: udevadm: uninitialized urandom read (16 bytes read, 3 bits of entropy available)
[    0.920913] random: systemd-udevd: uninitialized urandom read (16 bytes read, 3 bits of entropy available)
[    0.922449] random: systemd-udevd: uninitialized urandom read (16 bytes read, 3 bits of entropy available)
[    0.923728] random: systemd-udevd: uninitialized urandom read (16 bytes read, 3 bits of entropy available)
[    0.924998] random: systemd-udevd: uninitialized urandom read (16 bytes read, 3 bits of entropy available)
[    0.930250] random: systemd-udevd: uninitialized urandom read (16 bytes read, 3 bits of entropy available)
[    0.932290] random: systemd-udevd: uninitialized urandom read (16 bytes read, 3 bits of entropy available)
[    0.934880] random: systemd-udevd: uninitialized urandom read (16 bytes read, 3 bits of entropy available)
[    0.936212] random: systemd-udevd: uninitialized urandom read (16 bytes read, 3 bits of entropy available)
[    1.005605] e1000: Intel(R) PRO/1000 Network Driver - version 7.3.21-k8-NAPI
[    1.006480] e1000: Copyright (c) 1999-2006 Intel Corporation.
[    1.012925] Fusion MPT base driver 3.04.20
[    1.013577] Copyright (c) 1999-2008 LSI Corporation
[    1.021414] Fusion MPT SPI Host driver 3.04.20
[    1.054082] AVX2 version of gcm_enc/dec engaged.
[    1.054847] AES CTR mode by8 optimization enabled
[    1.222183] input: ImExPS/2 Generic Explorer Mouse as /devices/platform/i8042/serio1/input/input4
[    1.384076] e1000 0000:00:03.0 eth0: (PCI:33MHz:32-bit) 02:be:82:6b:cc:1d
[    1.385815] e1000 0000:00:03.0 eth0: Intel(R) PRO/1000 Network Connection
[    1.387865] mptbase: ioc0: Initiating bringup
[    1.460448] ioc0: LSI53C1030 A0: Capabilities={Initiator}
[    1.621460] scsi host2: ioc0: LSI53C1030 A0, FwRev=00000000h, Ports=1, MaxQ=256, IRQ=20
[    1.745407] scsi 2:0:0:0: Direct-Access     VBOX     HARDDISK         1.0  PQ: 0 ANSI: 5
[    1.746552] scsi target2:0:0: Beginning Domain Validation
[    1.747673] scsi target2:0:0: Domain Validation skipping write tests
[    1.750249] scsi target2:0:0: Ending Domain Validation
[    1.751140] scsi target2:0:0: asynchronous
[    1.752013] scsi 2:0:1:0: Direct-Access     VBOX     HARDDISK         1.0  PQ: 0 ANSI: 5
[    1.753184] scsi target2:0:1: Beginning Domain Validation
[    1.754316] scsi target2:0:1: Domain Validation skipping write tests
[    1.755243] scsi target2:0:1: Ending Domain Validation
[    1.756145] scsi target2:0:1: asynchronous
[    1.759233] sd 2:0:0:0: Attached scsi generic sg0 type 0
[    1.760539] sd 2:0:0:0: [sda] 83886080 512-byte logical blocks: (42.9 GB/40.0 GiB)
[    1.762463] sd 2:0:1:0: [sdb] 20480 512-byte logical blocks: (10.5 MB/10.0 MiB)
[    1.766239] sd 2:0:0:0: [sda] Write Protect is off
[    1.766900] sd 2:0:1:0: Attached scsi generic sg1 type 0
[    1.768110] sd 2:0:0:0: [sda] Incomplete mode parameter data
[    1.769211] sd 2:0:0:0: [sda] Assuming drive cache: write through
[    1.770204] sd 2:0:1:0: [sdb] Write Protect is off
[    1.771485] sd 2:0:1:0: [sdb] Incomplete mode parameter data
[    1.772300] sd 2:0:1:0: [sdb] Assuming drive cache: write through
[    1.781808]  sda: sda1
[    1.783023] sd 2:0:0:0: [sda] Attached SCSI disk
[    1.784956] sd 2:0:1:0: [sdb] Attached SCSI disk
[    2.095656] e1000 0000:00:08.0 eth1: (PCI:33MHz:32-bit) 08:00:27:fb:e4:a5
[    2.096699] e1000 0000:00:08.0 eth1: Intel(R) PRO/1000 Network Connection
[    2.098975] e1000 0000:00:08.0 enp0s8: renamed from eth1
[    2.101297] e1000 0000:00:03.0 enp0s3: renamed from eth0
Begin: Loading essential drivers ... [    3.355125] md: linear personality registered for level -1
[    3.358809] md: multipath personality registered for level -4
[    3.362214] md: raid0 personality registered for level 0
[    3.366494] md: raid1 personality registered for level 1
[    3.449163] raid6: sse2x1   gen() 12902 MB/s
[    3.528388] raid6: sse2x1   xor()  9513 MB/s
[    3.610338] raid6: sse2x2   gen() 20088 MB/s
[    3.690318] raid6: sse2x2   xor() 11461 MB/s
[    3.772715] raid6: sse2x4   gen() 17376 MB/s
[    3.853066] raid6: sse2x4   xor() 11344 MB/s
[    3.932474] raid6: avx2x1   gen() 21392 MB/s
[    4.014843] raid6: avx2x2   gen() 32070 MB/s
[    4.094557] raid6: avx2x4   gen() 34092 MB/s
[    4.095133] raid6: using algorithm avx2x4 gen() 34092 MB/s
[    4.095753] raid6: using avx2x2 recovery algorithm
[    4.097752] xor: automatically using best checksumming function:
[    4.204100]    avx       : 107733.000 MB/sec
[    4.206007] async_tx: api initialized (async)
[    4.214552] md: raid6 personality registered for level 6
[    4.215258] md: raid5 personality registered for level 5
[    4.215869] md: raid4 personality registered for level 4
[    4.220412] md: raid10 personality registered for level 10
done.
Begin: Running /scripts/init-premount ... done.
Begin: Mounting root file system ... Begin: Running /scripts/local-top ... done.
Begin: Running /scripts/local-premount ... [    4.245170] Btrfs loaded
Scanning for Btrfs filesystems
done.
Warning: fsck not present, so skipping root file system
[    4.271540] EXT4-fs (sda1): mounted filesystem with ordered data mode. Opts: (null)
done.
Begin: Running /scripts/local-bottom ... done.
Begin: Running /scripts/init-bottom ... done.
[    4.320697] systemd[1]: systemd 229 running in system mode. (+PAM +AUDIT +SELINUX +IMA +APPARMOR +SMACK +SYSVINIT +UTMP +LIBCRYPTSETUP +GCRYPT +GNUTLS +ACL +XZ -LZ4 +SECCOMP +BLKID +ELFUTILS +KMOD -IDN)
[    4.323160] systemd[1]: Detected virtualization oracle.
[    4.323938] systemd[1]: Detected architecture x86-64.

Welcome to [1mUbuntu 16.04.7 LTS[0m!

[    4.326888] systemd[1]: Set hostname to <ubuntu>.
[    4.328790] systemd[1]: Initializing machine ID from random generator.
[    4.329666] systemd[1]: Installed transient /etc/machine-id file.
[    4.403133] systemd[1]: Listening on LVM2 poll daemon socket.
[[0;32m  OK  [0m] Listening on LVM2 poll daemon socket.
[    4.404491] systemd[1]: Reached target Encrypted Volumes.
[[0;32m  OK  [0m] Reached target Encrypted Volumes.
[    4.405876] systemd[1]: Created slice System Slice.
[[0;32m  OK  [0m] Created slice System Slice.
[    4.406974] systemd[1]: Started Trigger resolvconf update for networkd DNS.
[[0;32m  OK  [0m] Started Trigger resolvconf update for networkd DNS.
[    4.408309] systemd[1]: Listening on udev Kernel Socket.
[[0;32m  OK  [0m] Listening on udev Kernel Socket.
[    4.409380] systemd[1]: Reached target User and Group Name Lookups.
[[0;32m  OK  [0m] Reached target User and Group Name Lookups.
[    4.410597] systemd[1]: Listening on Journal Socket.
[[0;32m  OK  [0m] Listening on Journal Socket.
[    4.412212] systemd[1]: Mounting Huge Pages File System...
         Mounting Huge Pages File System...
[    4.413972] systemd[1]: Mounting Debug File System...
         Mounting Debug File System...
[    4.415450] systemd[1]: Starting Create list of required static device nodes for the current kernel...
         Starting Create list of required st... nodes for the current kernel...
[    4.420228] systemd[1]: Listening on fsck to fsckd communication Socket.
[[0;32m  OK  [0m] Listening on fsck to fsckd communication Socket.
[    4.422144] systemd[1]: Starting File System Check on Root Device...
         Starting File System Check on Root Device...
[    4.423678] systemd[1]: Starting Nameserver information manager...
         Starting Nameserver information manager...
[    4.427588] systemd[1]: Reached target Swap.
[[0;32m  OK  [0m] Reached target Swap.
[    4.429472] systemd[1]: Created slice system-serial\x2dgetty.slice.
[[0;32m  OK  [0m] Created slice system-serial\x2dgetty.slice.
[    4.433818] systemd[1]: Listening on udev Control Socket.
[[0;32m  OK  [0m] Listening on udev Control Socket.
[    4.435967] systemd[1]: Listening on Journal Socket (/dev/log).
[[0;32m  OK  [0m] Listening on Journal Socket (/dev/log).
[    4.437515] systemd[1]: Reached target System Time Synchronized.
[[0;32m  OK  [0m] Reached target System Time Synchronized.
[    4.438784] systemd[1]: Set up automount Arbitrary Executable File Formats File System Automount Point.
[[0;32m  OK  [0m] Set up automount Arbitrary Executab...ats File System Automount Point.
[    4.441611] systemd[1]: Started Forward Password Requests to Wall Directory Watch.
[[0;32m  OK  [0m] Started Forward Password Requests to Wall Directory Watch.
[    4.443093] systemd[1]: Listening on Syslog Socket.
[[0;32m  OK  [0m] Listening on Syslog Socket.
[    4.444136] systemd[1]: Listening on LVM2 metadata daemon socket.
[[0;32m  OK  [0m] Listening on LVM2 metadata daemon socket.
[    4.445677] systemd[1]: Starting Set console keymap...
         Starting Set console keymap...
[    4.447000] systemd[1]: Listening on Device-mapper event daemon FIFOs.
[[0;32m  OK  [0m] Listening on Device-mapper event daemon FIFOs.
[    4.448830] systemd[1]: Starting Monitoring of LVM2 mirrors, snapshots etc. using dmeventd or progress polling...
         Starting Monitoring of LVM2 mirrors... dmeventd or progress polling...
[    4.451031] systemd[1]: Listening on Journal Audit Socket.
[[0;32m  OK  [0m] Listening on Journal Audit Socket.
[    4.458313] systemd[1]: Starting Journal Service...
         Starting Journal Service...
[    4.462800] systemd[1]: Mounting POSIX Message Queue File System...
         Mounting POSIX Message Queue File System...
[    4.466232] systemd[1]: Created slice User and Session Slice.
[[0;32m  OK  [0m] Created slice User and Session Slice.
[    4.468822] systemd[1]: Reached target Slices.
[[0;32m  OK  [0m] Reached target Slices.
[    4.471714] systemd[1]: Listening on /dev/initctl Compatibility Named Pipe.
[[0;32m  OK  [0m] Listening on /dev/initctl Compatibility Named Pipe.
[    4.475726] systemd[1]: Starting Uncomplicated firewall...
         Starting Uncomplicated firewall...
[    4.482084] systemd[1]: Starting Load Kernel Modules...
         Starting Load Kernel Modules...
[    4.484810] systemd[1]: Mounted Huge Pages File System.
[[0;32m  OK  [0m] Mounted Huge Pages File System.
[    4.485946] systemd[1]: Mounted POSIX Message Queue File System.
[[0;32m  OK  [0m] Mounted POSIX Message Queue File System.
[    4.487148] systemd[1]: Mounted Debug File System.
[[0;32m  OK  [0m] Mounted Debug File System.
[    4.488831] systemd[1]: Started Create list of required static device nodes for the current kernel.
[[0;32m  OK  [0m] Started Create list of required sta...ce nodes for the current kernel.
[    4.495524] systemd[1]: Started File System Check on Root Device.
[    4.498377] Loading iSCSI transport class v2.0-870.
[[0;32m  OK  [0m] Started File System Check on Root Device.
[    4.500681] systemd[1]: Started Uncomplicated firewall.
[[0;32m  OK  [0m] Started Uncomplicated firewall.
[    4.504909] systemd[1]: Started LVM2 metadata daemon.
[[0;32m  OK  [0m] Started LVM2 metadata daemon.
[    4.509919] systemd[1]: Started File System Check Daemon to report status.
[[0;32m  OK  [0m] Started File System Check Daemon to report status.
[    4.523767] systemd[1]: Starting Remount Root and Kernel File Systems...
         Starting Remount Root and Kernel File Systems...
[    4.525975] systemd[1]: Starting Create Static Device Nodes in /dev...
         Starting Create Static Device Nodes in /dev...
[    4.530725] systemd[1]: Started Nameserver information manager.
[    4.532234] EXT4-fs (sda1): re-mounted. Opts: (null)
[[0;32m  OK  [0m] Started Nameserver information manager.
[    4.538412] systemd[1]: Started Remount Root and Kernel File Systems.
[[0;32m  OK  [0m] Started Remount Root and Kernel File Systems.
[    4.542135] systemd[1]: Starting udev Coldplug all Devices...
         Starting udev Coldplug all Devices...
[    4.546173] systemd[1]: Starting Load/Save Random Seed...
         Starting Load/Save Random Seed...
[    4.571426] systemd[1]: Started Load/Save Random Seed.
[[0;32m  OK  [0m] Started Load/Save Random Seed.
[    4.575410] systemd[1]: Started Create Static Device Nodes in /dev.
[[0;32m  OK  [0m] Started Create Static Device Nodes in /dev.
[    4.577140] systemd[1]: Starting udev Kernel Device Manager...
         Starting udev Kernel Device Manager...
[    4.582597] iscsi: registered transport (tcp)
[    4.589194] systemd[1]: Started Journal Service.
[[0;32m  OK  [0m] Started Journal Service.
         Starting Flush Journal to Persistent Storage...
[    4.596340] systemd-journald[389]: Received request to flush runtime journal from PID 1
[[0;32m  OK  [0m] Started Flush Journal to Persistent Storage.
[[0;32m  OK  [0m] Started udev Kernel Device Manager.
[[0;32m  OK  [0m] Started Set console keymap.
[    4.636065] iscsi: registered transport (iser)
[[0;32m  OK  [0m] Started Load Kernel Modules.
         Mounting FUSE Control File System...
         Starting Apply Kernel Variables...
[[0;32m  OK  [0m] Mounted FUSE Control File System.
[[0;32m  OK  [0m] Started Apply Kernel Variables.
[[0;32m  OK  [0m] Started udev Coldplug all Devices.
[[0;32m  OK  [0m] Started Dispatch Password Requests to Console Directory Watch.
[[0;32m  OK  [0m] Started Monitoring of LVM2 mirrors,...ng dmeventd or progress polling.
[[0;32m  OK  [0m] Reached target Local File Systems (Pre).
[[0;32m  OK  [0m] Reached target Local File Systems.
         Starting Create Volatile Files and Directories...
         Starting Commit a transient machine-id on disk...
         Starting Set console font and keymap...
         Starting LSB: AppArmor initialization...
         Starting Tell Plymouth To Write Out Runtime Data...
         Starting Initial cloud-init job (pre-networking)...
[[0;32m  OK  [0m] Started Commit a transient machine-id on disk.
[[0;32m  OK  [0m] Started Create Volatile Files and Directories.
         Starting Update UTMP about System Boot/Shutdown...
[[0;32m  OK  [0m] Started Tell Plymouth To Write Out Runtime Data.
[[0;32m  OK  [0m] Started Update UTMP about System Boot/Shutdown.
[[0;32m  OK  [0m] Found device /dev/ttyS0.
[[0;32m  OK  [0m] Listening on Load/Save RF Kill Switch Status /dev/rfkill Watch.
[[0;32m  OK  [0m] Started Set console font and keymap.
[[0;32m  OK  [0m] Created slice system-getty.slice.
[    6.018015] cloud-init[500]: Cloud-init v. 21.1-19-gbad84ad4-0ubuntu1~16.04.2 running 'init-local' at Tue, 19 Nov 2024 22:21:27 +0000. Up 5.53 seconds.
[[0;32m  OK  [0m] Started Initial cloud-init job (pre-networking).
[[0;32m  OK  [0m] Reached target Network (Pre).
[[0;32m  OK  [0m] Started LSB: AppArmor initialization.
         Starting Load AppArmor profiles managed internally by snapd...
         Starting Raise network interfaces...
[[0;32m  OK  [0m] Started Load AppArmor profiles managed internally by snapd.
[[0;32m  OK  [0m] Started Raise network interfaces.
         Starting Initial cloud-init job (metadata service crawler)...
[[0;32m  OK  [0m] Reached target Network.
[   10.524052] cloud-init[949]: Cloud-init v. 21.1-19-gbad84ad4-0ubuntu1~16.04.2 running 'init' at Tue, 19 Nov 2024 22:21:32 +0000. Up 10.21 seconds.
[   10.524969] cloud-init[949]: ci-info: ++++++++++++++++++++++++++++++++++++++Net device info+++++++++++++++++++++++++++++++++++++++
[   10.525865] cloud-init[949]: ci-info: +--------+-------+----------------------------+---------------+--------+-------------------+
[   10.526836] cloud-init[949]: ci-info: | Device |   Up  |          Address           |      Mask     | Scope  |     Hw-Address    |
[   10.528171] cloud-init[949]: ci-info: +--------+-------+----------------------------+---------------+--------+-------------------+
[   10.528953] cloud-init[949]: ci-info: | enp0s3 |  True |         10.0.2.15          | 255.255.255.0 | global | 02:be:82:6b:cc:1d |
[   10.532196] cloud-init[949]: ci-info: | enp0s3 |  True | fe80::be:82ff:fe6b:cc1d/64 |       .       |  link  | 02:be:82:6b:cc:1d |
[   10.533132] cloud-init[949]: ci-info: | enp0s8 | False |             .              |       .       |   .    | 08:00:27:fb:e4:a5 |
[   10.536228] cloud-init[949]: ci-info: |   lo   |  True |         127.0.0.1          |   255.0.0.0   |  host  |         .         |
[   10.537008] cloud-init[949]: ci-info: |   lo   |  True |          ::1/128           |       .       |  host  |         .         |
[   10.537844] cloud-init[949]: ci-info: +--------+-------+----------------------------+---------------+--------+-------------------+
[   10.540226] cloud-init[949]: ci-info: +++++++++++++++++++++++++++Route IPv4 info++++++++++++++++++++++++++++
[   10.540995] cloud-init[949]: ci-info: +-------+-------------+----------+---------------+-----------+-------+
[   10.544257] cloud-init[949]: ci-info: | Route | Destination | Gateway  |    Genmask    | Interface | Flags |
[   10.545118] cloud-init[949]: ci-info: +-------+-------------+----------+---------------+-----------+-------+
[   10.545839] cloud-init[949]: ci-info: |   0   |   0.0.0.0   | 10.0.2.2 |    0.0.0.0    |   enp0s3  |   UG  |
[   10.548235] cloud-init[949]: ci-info: |   1   |   10.0.2.0  | 0.0.0.0  | 255.255.255.0 |   enp0s3  |   U   |
[   10.552323] cloud-init[949]: ci-info: +-------+-------------+----------+---------------+-----------+-------+
[   10.553080] cloud-init[949]: ci-info: +++++++++++++++++++Route IPv6 info+++++++++++++++++++
[   10.553750] cloud-init[949]: ci-info: +-------+-------------+---------+-----------+-------+
[   10.554430] cloud-init[949]: ci-info: | Route | Destination | Gateway | Interface | Flags |
[   10.555159] cloud-init[949]: ci-info: +-------+-------------+---------+-----------+-------+
[   10.556133] cloud-init[949]: ci-info: |   0   |  fe80::/64  |    ::   |   enp0s3  |   U   |
[   10.560321] cloud-init[949]: ci-info: |   4   |   ff00::/8  |    ::   |   enp0s3  |   U   |
[   10.560870] cloud-init[949]: ci-info: +-------+-------------+---------+-----------+-------+
[   10.561607] cloud-init[949]: Generating public/private rsa key pair.
[   10.562191] cloud-init[949]: Your identification has been saved in /etc/ssh/ssh_host_rsa_key.
[   10.562866] cloud-init[949]: Your public key has been saved in /etc/ssh/ssh_host_rsa_key.pub.
[   10.563535] cloud-init[949]: The key fingerprint is:
[   10.575339] cloud-init[949]: SHA256:hVAJn04It+FD7z72wqRXjLMWJtDZ+K+AtoSNwcJH9+U root@ubuntu-xenial
[   10.576162] cloud-init[949]: The key's randomart image is:
[   10.576709] cloud-init[949]: +---[RSA 2048]----+
[   10.577217] cloud-init[949]: |    . *o..       |
[   10.577703] cloud-init[949]: |     = B.o       |
[   10.578192] cloud-init[949]: |   . o=+*..      |
[   10.578671] cloud-init[949]: |... o ==+.       |
[   10.579213] cloud-init[949]: |..o. . oSE       |
[[0;32m  OK  [0m] Started Initial cloud-init job (metadata service crawler).
[[0;32m  OK  [0m] Reached target Network is Online.
         Starting iSCSI initiator daemon (iscsid)...
[[0;32m  OK  [0m] Reached target System Initialization.
[[0;32m  OK  [0m] Started Daily apt download activities.
[   10.583583] [[0;32m  OK  [0m] Listening on D-Bus System Message Bus Socket.
         Starting Socket activation for snappy daemon.
[[0;32m  OK  [0m] Started Ubuntu Advantage update messaging.
[[0;32m  OK  [0m] Listening on ACPID Listen Socket.
cloud-init[949]: | ..= ...B o      |
         Starting LXD - unix socket.
[[0;32m  OK  [0m] Started Daily Cleanup of Temporary Directories.
[   10.587816] cloud-init[949]: |  o = .*+*       |
[   10.591099] cloud-init[949]: |   o ..o*o.      |
[[0;32m  OK  [0m] Started ACPI Events Check.
[[0;32m  OK  [0m] Reached target Paths.
[[0;32m  OK  [0m] Listening on UUID daemon activation socket.
[   10.593172] cloud-init[949]: |    .  o.o.      |
[[0;32m  OK  [0m] Started Message of the Day.
[   10.594181] cloud-init[949]: +----[SHA256]-----+
[[0;32m  OK  [0m] Started Daily apt upgrade and clean activities.
[   10.595594] cloud-init[949]: Generating public/private dsa key pair.
[[0;32m  OK  [0m] Reached target Timers.
[   10.596585] cloud-init[949]: Your identification has been saved in /etc/ssh/ssh_host_dsa_key.
[[0;32m  OK  [0m] Reached target Cloud-config availability.
[   10.597708] cloud-init[949]: Your public key has been saved in /etc/ssh/ssh_host_dsa_key.pub.
[[0;32m  OK  [0m] Listening on Socket activation for snappy daemon.
[[0;32m  OK  [0m] Listening on LXD - unix socket.[   10.599643] cloud-init[949]: The key fingerprint is:
[   10.600897] cloud-init[949]: SHA256:DeaRfvQe7Bbzf3nr3oku1zj/q7KyBEqboGVxu8mh+Ko root@ubuntu-xenial
[   10.601492] cloud-init[949]: The key's randomart image is:

[[0;32m  OK  [0m] Started iSCSI initiator daemon (iscsid).
         Starting Login to default iSCSI targets...
[[0;32m  OK  [0m] Reached target Sockets.
[[0;32m  OK  [0m[   10.604782] cloud-init[949]: +---[DSA 1024]----+
[   10.605452] cloud-init[949]: |                 |
[   10.605787] cloud-init[949]: |         .       |
[   10.606127] cloud-init[949]: |   . .  = .      |
[   10.606449] cloud-init[949]: |    o .+ = o     |
[   10.606783] cloud-init[949]: |   + + .S o *    |
[   10.607166] cloud-init[949]: |  = = B .. o =   |
[   10.607494] cloud-init[949]: | o . B   .  + + .|
[   10.607823] cloud-init[949]: |  .     .. + +.+=|
[   10.608158] cloud-init[949]: |E...     .o.*+*BX|
[   10.608489] cloud-init[949]: +----[SHA256]-----+
[   10.608817] cloud-init[949]: ] Reached target Basic System.
         Starting Login Service...
         Starting Pollinate to seed the pseudo random number generator...
Generating public/private ecdsa key pair.[[0;32m  OK  [0m] Started D-Bus System Message Bus.

[   10.624586] cloud-init[949]: Your identification has been saved in /etc/ssh/ssh_host_ecdsa_key.
[   10.625913] cloud-init[949]: Your public key has been saved in /etc/ssh/ssh_host_ecdsa_key.pub.
[   10.627920] cloud-init[949]: The key fingerprint is:
         Starting LXD - container startup/shutdown...
         Starting /etc/rc.local Compatibility...
         Starting Virtualbox guest utils...
[[0;32m  OK  [0m] Started Regular background program processing daemon.
[[0;32m  OK  [0m] Started FUSE filesystem for LXC.
         Starting LSB: Record successful boot for GRUB...
[   10.640782] cloud-init[[0;32m  OK  [0m] Started ACPI event daemon.
         Starting Accounts Service...
         [949]: SHA256:PiQJJ3KfEeW2JF3n+x+WEHtdHdzB0WyxKjajUnvM8S0 root@ubuntu-xenialStarting System Logging Service...
         Starting LSB: MD monitoring daemon...
[[0;32m  OK  [0m] Started Deferred execution scheduler.
         Starting Snap Daemon...
[[0;32m  OK  [0m] Started /etc/rc.local Compatibility.
[[0;32m  OK  [0m] Started Login to default iSCSI targets.
[[0;32m  OK  [0m] Reached target Remote File Systems (Pre).
[[0;32m  OK  [0m] Reached target Remote File Systems.
         Starting Permit User Sessions...
         Starting LSB: automatic crash report generation...
         Starting LSB: Set the CPU Frequency Scaling governor to "ondemand"...
         Starting LSB: daemon to balance interrupts for SMP systems...
[[0;32m  OK  [0m] Started Permit User Sessions.
         Starting Hold until boot process finishes up...
         Starting Terminate Plymouth Boot Screen...
[[0;32m  OK  [0m] Started Hold until boot process finishes up.
         Starting Set console scheme...
[[0;32m  OK  [0m] Started Serial Getty on ttyS0.
[[0;32m  OK  [0m] Started Getty on tty1.
[[0;32m  OK  [0m] Reached target Login Prompts.
[[0;32m  OK  [0m] Started Set console scheme.
[[0;32m  OK  [0m] Started Terminate Plymouth Boot Screen.
[[0;32m  OK  [0m] Started Login Service.
[[0;32m  OK  [0m] Started Unattended Upgrades Shutdown.
[[0;32m  OK  [0m] Started System Logging Service.
[[0;32m  OK  [0m] Started LSB: Set the CPU Frequency Scaling governor to "ondemand".

[   10.761981] cloud-init[949]: The key's randomart image is:
[   10.765928] cloud-init[949]: +---[ECDSA 256]---+
[   10.781427] cloud-init[949]: |      ... . . o**|
[[0;32m  OK  [0m] Started LSB: MD monitoring daemon.
[   10.787831] cloud-init[949]: |       + . o   oO|
         Starting Authenticate and Authorize Users to Run Privileged Tasks...
[[0;32m  OK  [0m] Started LSB: Record successful boot for GRUB.
[[0;32m  OK  [0m] Started LSB: daemon to balance interrupts for SMP systems.
[   10.797998] cloud-init[949]: |  . + + =   .. oo|
[[0;32m  OK  [0m] Started LSB: automatic crash report generation.
[   10.806273] cloud-init[949]: |   o = B .   .+ o|
[[0;32m  OK  [0m] Started Authenticate and Authorize Users to Run Privileged Tasks.
[[0;32m  OK  [0m] Started Accounts Service.
[   10.812554] cloud-init[949]: |      = S. *.+ ..|
[   10.816748] cloud-init[949]: |       +. * *.+ .|
[   10.818289] cloud-init[949]: |       .oo + E.= |
[   10.819607] cloud-init[949]: |        ...   o..|
[   10.821752] cloud-init[949]: |                .|
[   10.825735] cloud-init[949]: +----[SHA256]-----+
[[0;32m  OK  [0m] Started LXD - container startup/shutdown.
[   10.832895] cloud-init[949]: Generating public/private ed25519 key pair.
[   10.833629] cloud-init[949]: Your identification has been saved in /etc/ssh/ssh_host_ed25519_key.
[   10.835270] cloud-init[949]: Your public key has been saved in /etc/ssh/ssh_host_ed25519_key.pub.
[   10.838559] cloud-init[949]: The key fingerprint is:
[   10.840673] cloud-init[949]: SHA256:Ee6pYNctq3Z+ILJo8JSmYJv0mb/quoSxpb9GgejxS68 root@ubuntu-xenial
[   10.844075] cloud-init[949]: The key's randomart image is:
[   10.846173] cloud-init[949]: +--[ED25519 256]--+
[   10.851531] cloud-init[949]: |        .        |
[   10.853002] cloud-init[949]: |       . .       |
[   10.857698] cloud-init[949]: |..      o        |
[   10.859608] cloud-init[949]: |o..    o +       |
[   10.861514] cloud-init[[0;32m  OK  [0m] Started Virtualbox guest utils.
[949]: |o +oo . S .      |
[   10.867278] cloud-init[949]: |+O=+.o...o       |
[   10.868627] cloud-init[949]: |BO=.=o....       |
[   10.872130] cloud-init[949]: |o+==..... .      |
[   10.882413] cloud-init[949]: | =*E++oo..       |
[   10.883821] cloud-init[949]: +----[SHA256]-----+
[[0;32m  OK  [0m] Started Snap Daemon.
         Starting Wait until snapd is fully seeded...
[[0;32m  OK  [0m] Started Pollinate to seed the pseudo random number generator.
         Starting OpenBSD Secure Shell server...
[[0;32m  OK  [0m] Started OpenBSD Secure Shell server.
[[0;32m  OK  [0m] Started Wait until snapd is fully seeded.
         Starting Apply the settings specified in cloud-config...
[[0;32m  OK  [0m] Reached target Multi-User System.
[[0;32m  OK  [0m] Reached target Graphical Interface.
         Starting Update UTMP about System Runlevel Changes...
[[0;32m  OK  [0m] Started Update UTMP about System Runlevel Changes.
[   12.257279] cloud-init[1302]: Generating locales (this might take a while)...
[[0;32m  OK  [0m] Created slice User Slice of vagrant.
         Starting User Manager for UID 1000...
[[0;32m  OK  [0m] Started Session 1 of user vagrant.
[[0;32m  OK  [0m] Started User Manager for UID 1000.
[   12.887635] cloud-init[1302]:   en_US.UTF-8... done
[   12.904844] cloud-init[1302]: Generation complete.
[   13.248793] cloud-init[1302]: Cloud-init v. 21.1-19-gbad84ad4-0ubuntu1~16.04.2 running 'modules:config' at Tue, 19 Nov 2024 22:21:34 +0000. Up 12.19 seconds.
[[0;32m  OK  [0m] Started Apply the settings specified in cloud-config.
         Starting Execute cloud user/final scripts...
ci-info: no authorized SSH keys fingerprints found for user ubuntu.
<14>Nov 19 22:21:35 ec2: 
<14>Nov 19 22:21:35 ec2: #############################################################
<14>Nov 19 22:21:35 ec2: -----BEGIN SSH HOST KEY FINGERPRINTS-----
<14>Nov 19 22:21:35 ec2: 1024 SHA256:DeaRfvQe7Bbzf3nr3oku1zj/q7KyBEqboGVxu8mh+Ko root@ubuntu-xenial (DSA)
<14>Nov 19 22:21:35 ec2: 256 SHA256:PiQJJ3KfEeW2JF3n+x+WEHtdHdzB0WyxKjajUnvM8S0 root@ubuntu-xenial (ECDSA)
<14>Nov 19 22:21:35 ec2: 256 SHA256:Ee6pYNctq3Z+ILJo8JSmYJv0mb/quoSxpb9GgejxS68 root@ubuntu-xenial (ED25519)
<14>Nov 19 22:21:35 ec2: 2048 SHA256:hVAJn04It+FD7z72wqRXjLMWJtDZ+K+AtoSNwcJH9+U root@ubuntu-xenial (RSA)
<14>Nov 19 22:21:35 ec2: -----END SSH HOST KEY FINGERPRINTS-----
<14>Nov 19 22:21:35 ec2: #############################################################
-----BEGIN SSH HOST KEY KEYS-----
ecdsa-sha2-nistp256 AAAAE2VjZHNhLXNoYTItbmlzdHAyNTYAAAAIbmlzdHAyNTYAAABBBOBp4D2+jbVzqM3kefcNCoXzK7oKkZ1pftLhO3XzbztNNAGdQ4VO1Cj+trtrpXqwXb5nG/TGHjam/F3qOCwavFM= root@ubuntu-xenial
ssh-ed25519 AAAAC3NzaC1lZDI1NTE5AAAAIHgp6irGojx/CfqerrQf4xpRa1NFSZFR/ZyMcmR0mIGL root@ubuntu-xenial
ssh-rsa AAAAB3NzaC1yc2EAAAADAQABAAABAQDKIqcYvY+Hrs8MyHTxhxICCkxcpIGHFvFNTzt4zBKq6eUoYINRWFYMAeGVWM7P87gSv8NwcNVojeaLC7BRr/b1lGaN8zJW+W6a9Tp5mYwpB1gsEKkIBCu8SvjGGhiQFjUEQRA33TwPeJpEq8f1Uv1OYldXexc/0dS06DPOIlITu8XV2dKg5265ivM+9k/RLlkaLiAXDONBR866ual0JP9UqWE4ce8J69yP/0TOFoPREkh+QBQzRQf0doLdwgGz6U64e2qn8oIDqBbfLiVPVSBjmM/L/+4FR3uG+RdKxBYu0LVNXm/WD72RU7+w2BKjUNIcU3tP3VdWuBYhs5bMsR8J root@ubuntu-xenial
-----END SSH HOST KEY KEYS-----
[   13.937716] cloud-init[1416]: Cloud-init v. 21.1-19-gbad84ad4-0ubuntu1~16.04.2 running 'modules:final' at Tue, 19 Nov 2024 22:21:35 +0000. Up 13.71 seconds.
[   13.943962] cloud-init[1416]: ci-info: no authorized SSH keys fingerprints found for user ubuntu.
[   13.945956] cloud-init[1416]: Cloud-init v. 21.1-19-gbad84ad4-0ubuntu1~16.04.2 finished at Tue, 19 Nov 2024 22:21:35 +0000. Datasource DataSourceNoCloud [seed=/dev/sdb][dsmode=net].  Up 13.93 seconds
[[0;32m  OK  [0m] Started Execute cloud user/final scripts.
[[0;32m  OK  [0m] Reached target Cloud-init target.

Ubuntu 16.04.7 LTS ubuntu-xenial ttyS0

ubuntu-xenial login: 