[    0.000000] Initializing cgroup subsys cpuset
[    0.000000] Initializing cgroup subsys cpu
[    0.000000] Initializing cgroup subsys cpuacct
[    0.000000] Linux version 4.4.0-210-generic (buildd@lgw01-amd64-009) (gcc version 5.4.0 20160609 (Ubuntu 5.4.0-6ubuntu1~16.04.12) ) #242-Ubuntu SMP Fri Apr 16 09:57:56 UTC 2021 (Ubuntu 4.4.0-210.242-generic 4.4.262)
[    0.000000] Command line: BOOT_IMAGE=/boot/vmlinuz-4.4.0-210-generic root=LABEL=cloudimg-rootfs ro console=tty1 console=ttyS0
[    0.000000] KERNEL supported cpus:
[    0.000000]   Intel GenuineIntel
[    0.000000]   AMD AuthenticAMD
[    0.000000]   Centaur CentaurHauls
[    0.000000] x86/fpu: xstate_offset[2]:  576, xstate_sizes[2]:  256
[    0.000000] x86/fpu: Supporting XSAVE feature 0x01: 'x87 floating point registers'
[    0.000000] x86/fpu: Supporting XSAVE feature 0x02: 'SSE registers'
[    0.000000] x86/fpu: Supporting XSAVE feature 0x04: 'AVX registers'
[    0.000000] x86/fpu: Enabled xstate features 0x7, context size is 832 bytes, using 'standard' format.
[    0.000000] e820: BIOS-provided physical RAM map:
[    0.000000] BIOS-e820: [mem 0x0000000000000000-0x000000000009fbff] usable
[    0.000000] BIOS-e820: [mem 0x000000000009fc00-0x000000000009ffff] reserved
[    0.000000] BIOS-e820: [mem 0x00000000000f0000-0x00000000000fffff] reserved
[    0.000000] BIOS-e820: [mem 0x0000000000100000-0x00000000dffeffff] usable
[    0.000000] BIOS-e820: [mem 0x00000000dfff0000-0x00000000dfffffff] ACPI data
[    0.000000] BIOS-e820: [mem 0x00000000fec00000-0x00000000fec00fff] reserved
[    0.000000] BIOS-e820: [mem 0x00000000fee00000-0x00000000fee00fff] reserved
[    0.000000] BIOS-e820: [mem 0x00000000fffc0000-0x00000000ffffffff] reserved
[    0.000000] BIOS-e820: [mem 0x0000000100000000-0x000000019fffffff] usable
[    0.000000] NX (Execute Disable) protection: active
[    0.000000] SMBIOS 2.5 present.
[    0.000000] Hypervisor detected: KVM
[    0.000000] e820: last_pfn = 0x1a0000 max_arch_pfn = 0x400000000
[    0.000000] MTRR: Disabled
[    0.000000] x86/PAT: MTRRs disabled, skipping PAT initialization too.
[    0.000000] CPU MTRRs all blank - virtualized system.
[    0.000000] x86/PAT: Configuration [0-7]: WB  WT  UC- UC  WB  WT  UC- UC  
[    0.000000] e820: last_pfn = 0xdfff0 max_arch_pfn = 0x400000000
[    0.000000] found SMP MP-table at [mem 0x0009fff0-0x0009ffff] mapped at [ffff88000009fff0]
[    0.000000] Scanning 1 areas for low memory corruption
[    0.000000] RAMDISK: [mem 0x36148000-0x3709bfff]
[    0.000000] ACPI: Early table checksum verification disabled
[    0.000000] ACPI: RSDP 0x00000000000E0000 000024 (v02 VBOX  )
[    0.000000] ACPI: XSDT 0x00000000DFFF0030 00003C (v01 VBOX   VBOXXSDT 00000001 ASL  00000061)
[    0.000000] ACPI: FACP 0x00000000DFFF00F0 0000F4 (v04 VBOX   VBOXFACP 00000001 ASL  00000061)
[    0.000000] ACPI: DSDT 0x00000000DFFF0480 002325 (v02 VBOX   VBOXBIOS 00000002 INTL 20200925)
[    0.000000] ACPI: FACS 0x00000000DFFF0200 000040
[    0.000000] ACPI: FACS 0x00000000DFFF0200 000040
[    0.000000] ACPI: APIC 0x00000000DFFF0240 00006C (v02 VBOX   VBOXAPIC 00000001 ASL  00000061)
[    0.000000] ACPI: SSDT 0x00000000DFFF02B0 0001CC (v01 VBOX   VBOXCPUT 00000002 INTL 20200925)
[    0.000000] No NUMA configuration found
[    0.000000] Faking a node at [mem 0x0000000000000000-0x000000019fffffff]
[    0.000000] NODE_DATA(0) allocated [mem 0x19fff7000-0x19fffbfff]
[    0.000000] kvm-clock: Using msrs 4b564d01 and 4b564d00
[    0.000000] kvm-clock: cpu 0, msr 1:9ffef001, primary cpu clock
[    0.000000] kvm-clock: using sched offset of 2990538553 cycles
[    0.000000] clocksource: kvm-clock: mask: 0xffffffffffffffff max_cycles: 0x1cd42e4dffb, max_idle_ns: 881590591483 ns
[    0.000000] Zone ranges:
[    0.000000]   DMA      [mem 0x0000000000001000-0x0000000000ffffff]
[    0.000000]   DMA32    [mem 0x0000000001000000-0x00000000ffffffff]
[    0.000000]   Normal   [mem 0x0000000100000000-0x000000019fffffff]
[    0.000000]   Device   empty
[    0.000000] Movable zone start for each node
[    0.000000] Early memory node ranges
[    0.000000]   node   0: [mem 0x0000000000001000-0x000000000009efff]
[    0.000000]   node   0: [mem 0x0000000000100000-0x00000000dffeffff]
[    0.000000]   node   0: [mem 0x0000000100000000-0x000000019fffffff]
[    0.000000] Initmem setup node 0 [mem 0x0000000000001000-0x000000019fffffff]
[    0.000000] ACPI: PM-Timer IO Port: 0x4008
[    0.000000] IOAPIC[0]: apic_id 4, version 32, address 0xfec00000, GSI 0-23
[    0.000000] ACPI: INT_SRC_OVR (bus 0 bus_irq 0 global_irq 2 dfl dfl)
[    0.000000] ACPI: INT_SRC_OVR (bus 0 bus_irq 9 global_irq 9 low level)
[    0.000000] Using ACPI (MADT) for SMP configuration information
[    0.000000] smpboot: Allowing 4 CPUs, 0 hotplug CPUs
[    0.000000] PM: Registered nosave memory: [mem 0x00000000-0x00000fff]
[    0.000000] PM: Registered nosave memory: [mem 0x0009f000-0x0009ffff]
[    0.000000] PM: Registered nosave memory: [mem 0x000a0000-0x000effff]
[    0.000000] PM: Registered nosave memory: [mem 0x000f0000-0x000fffff]
[    0.000000] PM: Registered nosave memory: [mem 0xdfff0000-0xdfffffff]
[    0.000000] PM: Registered nosave memory: [mem 0xe0000000-0xfebfffff]
[    0.000000] PM: Registered nosave memory: [mem 0xfec00000-0xfec00fff]
[    0.000000] PM: Registered nosave memory: [mem 0xfec01000-0xfedfffff]
[    0.000000] PM: Registered nosave memory: [mem 0xfee00000-0xfee00fff]
[    0.000000] PM: Registered nosave memory: [mem 0xfee01000-0xfffbffff]
[    0.000000] PM: Registered nosave memory: [mem 0xfffc0000-0xffffffff]
[    0.000000] e820: [mem 0xe0000000-0xfebfffff] available for PCI devices
[    0.000000] Booting paravirtualized kernel on KVM
[    0.000000] clocksource: refined-jiffies: mask: 0xffffffff max_cycles: 0xffffffff, max_idle_ns: 7645519600211568 ns
[    0.000000] setup_percpu: NR_CPUS:512 nr_cpumask_bits:512 nr_cpu_ids:4 nr_node_ids:1
[    0.000000] PERCPU: Embedded 33 pages/cpu @ffff88019fc00000 s95192 r8192 d31784 u524288
[    0.000000] Built 1 zonelists in Node order, mobility grouping on.  Total pages: 1548152
[    0.000000] Policy zone: Normal
[    0.000000] Kernel command line: BOOT_IMAGE=/boot/vmlinuz-4.4.0-210-generic root=LABEL=cloudimg-rootfs ro console=tty1 console=ttyS0
[    0.000000] PID hash table entries: 4096 (order: 3, 32768 bytes)
[    0.000000] Memory: 6091616K/6291000K available (8644K kernel code, 1332K rwdata, 4044K rodata, 1492K init, 1164K bss, 199384K reserved, 0K cma-reserved)
[    0.000000] SLUB: HWalign=64, Order=0-3, MinObjects=0, CPUs=4, Nodes=1
[    0.000000] Kernel/User page tables isolation: enabled
[    0.000000] Hierarchical RCU implementation.
[    0.000000] 	Build-time adjustment of leaf fanout to 64.
[    0.000000] 	RCU restricting CPUs from NR_CPUS=512 to nr_cpu_ids=4.
[    0.000000] RCU: Adjusting geometry for rcu_fanout_leaf=64, nr_cpu_ids=4
[    0.000000] NR_IRQS:33024 nr_irqs:456 16
[    0.000000] Console: colour VGA+ 80x25
[    0.000000] console [tty1] enabled
[    0.000000] console [ttyS0] enabled
[    0.000000] tsc: Detected 2419.200 MHz processor
[    0.165382] Calibrating delay loop (skipped) preset value.. 4838.40 BogoMIPS (lpj=9676800)
[    0.166645] pid_max: default: 32768 minimum: 301
[    0.167358] ACPI: Core revision 20150930
[    0.168594] ACPI: 2 ACPI AML tables successfully acquired and loaded
[    0.169634] Security Framework initialized
[    0.170290] Yama: becoming mindful.
[    0.170909] AppArmor: AppArmor initialized
[    0.172434] Dentry cache hash table entries: 1048576 (order: 11, 8388608 bytes)
[    0.176357] Inode-cache hash table entries: 524288 (order: 10, 4194304 bytes)
[    0.178291] Mount-cache hash table entries: 16384 (order: 5, 131072 bytes)
[    0.179288] Mountpoint-cache hash table entries: 16384 (order: 5, 131072 bytes)
[    0.180990] Initializing cgroup subsys io
[    0.181598] Initializing cgroup subsys memory
[    0.182288] Initializing cgroup subsys devices
[    0.182995] Initializing cgroup subsys freezer
[    0.183681] Initializing cgroup subsys net_cls
[    0.184376] Initializing cgroup subsys perf_event
[    0.185107] Initializing cgroup subsys net_prio
[    0.185807] Initializing cgroup subsys hugetlb
[    0.186514] Initializing cgroup subsys pids
[    0.212394] mce: CPU supports 0 MCE banks
[    0.213083] Last level iTLB entries: 4KB 0, 2MB 0, 4MB 0
[    0.213872] Last level dTLB entries: 4KB 0, 2MB 0, 4MB 0, 1GB 0
[    0.214675] Spectre V1 : Mitigation: usercopy/swapgs barriers and __user pointer sanitization
[    0.215899] Spectre V2 : Mitigation: Full generic retpoline
[    0.216765] Spectre V2 : Spectre v2 / SpectreRSB mitigation: Filling RSB on context switch
[    0.217963] Speculative Store Bypass: Vulnerable
[    0.218724] MDS: Mitigation: Clear CPU buffers
[    0.221319] Freeing SMP alternatives memory: 36K
[    0.226766] ftrace: allocating 32380 entries in 127 pages
[    0.269939] smpboot: APIC(0) Converting physical 0 to logical package 0
[    0.270891] smpboot: Max logical packages: 1
[    0.271709] x2apic enabled
[    0.272372] Switched APIC routing to physical x2apic.
[    0.274022] ..TIMER: vector=0x30 apic1=0 pin1=2 apic2=-1 pin2=-1
[    0.382998] smpboot: CPU0: 11th Gen Intel(R) Core(TM) i5-1135G7 @ 2.40GHz (family: 0x6, model: 0x8c, stepping: 0x1)
[    0.384877] Performance Events: unsupported p6 CPU model 140 no PMU driver, software events only.
[    0.394421] KVM setup paravirtual spinlock
[    0.395917] x86: Booting SMP configuration:
[    0.396529] .... node  #0, CPUs:      #1
[    0.397195] kvm-clock: cpu 1, msr 1:9ffef041, secondary cpu clock
[    0.422915] mce: CPU supports 0 MCE banks
[    0.425547]  #2
[    0.426008] kvm-clock: cpu 2, msr 1:9ffef081, secondary cpu clock
[    0.451756] mce: CPU supports 0 MCE banks
[    0.454469]  #3
[    0.454922] kvm-clock: cpu 3, msr 1:9ffef0c1, secondary cpu clock
[    0.481022] mce: CPU supports 0 MCE banks
[    0.483529] x86: Booted up 1 node, 4 CPUs
[    0.484374] smpboot: Total of 4 processors activated (19353.60 BogoMIPS)
[    0.486594] devtmpfs: initialized
[    0.488434] evm: security.selinux
[    0.489037] evm: security.SMACK64
[    0.489662] evm: security.SMACK64EXEC
[    0.490311] evm: security.SMACK64TRANSMUTE
[    0.491010] evm: security.SMACK64MMAP
[    0.491647] evm: security.ima
[    0.492183] evm: security.capability
[    0.492923] clocksource: jiffies: mask: 0xffffffff max_cycles: 0xffffffff, max_idle_ns: 7645041785100000 ns
[    0.494399] futex hash table entries: 1024 (order: 4, 65536 bytes)
[    0.495420] pinctrl core: initialized pinctrl subsystem
[    0.496333] RTC time:  0:21:24, date: 11/02/24
[    0.497576] NET: Registered protocol family 16
[    0.507246] cpuidle: using governor ladder
[    0.519310] cpuidle: using governor menu
[    0.520003] PCCT header not found.
[    0.520776] ACPI: bus type PCI registered
[    0.521478] acpiphp: ACPI Hot Plug PCI Controller Driver version: 0.5
[    0.522756] PCI: Using configuration type 1 for base access
[    0.535641] ACPI: Added _OSI(Module Device)
[    0.536371] ACPI: Added _OSI(Processor Device)
[    0.537073] ACPI: Added _OSI(3.0 _SCP Extensions)
[    0.537799] ACPI: Added _OSI(Processor Aggregator Device)
[    0.539195] ACPI: Executed 1 blocks of module-level executable AML code
[    0.541685] ACPI: Interpreter enabled
[    0.542315] ACPI: (supports S0 S5)
[    0.542913] ACPI: Using IOAPIC for interrupt routing
[    0.543813] PCI: Using host bridge windows from ACPI; if necessary, use "pci=nocrs" and report a bug
[    0.547657] ACPI: PCI Root Bridge [PCI0] (domain 0000 [bus 00-ff])
[    0.548589] acpi PNP0A03:00: _OSC: OS supports [ASPM ClockPM Segments MSI]
[    0.549778] acpi PNP0A03:00: _OSC: not requesting OS control; OS requires [ExtendedConfig ASPM ClockPM MSI]
[    0.551244] acpi PNP0A03:00: fail to add MMCONFIG information, can't access extended PCI configuration space under this bridge.
[    0.560344] PCI host bridge to bus 0000:00
[    0.561053] pci_bus 0000:00: root bus resource [io  0x0000-0x0cf7 window]
[    0.562020] pci_bus 0000:00: root bus resource [io  0x0d00-0xffff window]
[    0.563021] pci_bus 0000:00: root bus resource [mem 0x000a0000-0x000bffff window]
[    0.564223] pci_bus 0000:00: root bus resource [mem 0xe0000000-0xfdffffff window]
[    0.565452] pci_bus 0000:00: root bus resource [bus 00-ff]
[    0.567360] pci 0000:00:01.1: legacy IDE quirk: reg 0x10: [io  0x01f0-0x01f7]
[    0.568392] pci 0000:00:01.1: legacy IDE quirk: reg 0x14: [io  0x03f6]
[    0.569334] pci 0000:00:01.1: legacy IDE quirk: reg 0x18: [io  0x0170-0x0177]
[    0.570375] pci 0000:00:01.1: legacy IDE quirk: reg 0x1c: [io  0x0376]
[    0.617554] pci 0000:00:07.0: quirk: [io  0x4000-0x403f] claimed by PIIX4 ACPI
[    0.618828] pci 0000:00:07.0: quirk: [io  0x4100-0x410f] claimed by PIIX4 SMB
[    0.652217] ACPI: PCI Interrupt Link [LNKA] (IRQs 5 9 10 *11)
[    0.653768] ACPI: PCI Interrupt Link [LNKB] (IRQs 5 9 *10 11)
[    0.655100] ACPI: PCI Interrupt Link [LNKC] (IRQs 5 *9 10 11)
[    0.656427] ACPI: PCI Interrupt Link [LNKD] (IRQs 5 9 10 *11)
[    0.657750] ACPI: Enabled 2 GPEs in block 00 to 07
[    0.658958] vgaarb: setting as boot device: PCI:0000:00:02.0
[    0.659817] vgaarb: device added: PCI:0000:00:02.0,decodes=io+mem,owns=io+mem,locks=none
[    0.661089] vgaarb: loaded
[    0.661624] vgaarb: bridge control possible 0000:00:02.0
[    0.662628] SCSI subsystem initialized
[    0.663387] ACPI: bus type USB registered
[    0.664072] usbcore: registered new interface driver usbfs
[    0.664903] usbcore: registered new interface driver hub
[    0.665718] usbcore: registered new device driver usb
[    0.666643] PCI: Using ACPI for IRQ routing
[    0.667558] NetLabel: Initializing
[    0.668156] NetLabel:  domain hash size = 128
[    0.668870] NetLabel:  protocols = UNLABELED CIPSOv4
[    0.669651] NetLabel:  unlabeled traffic allowed by default
[    0.670671] amd_nb: Cannot enumerate AMD northbridges
[    0.671739] clocksource: Switched to clocksource kvm-clock
[    0.677806] AppArmor: AppArmor Filesystem Enabled
[    0.678634] pnp: PnP ACPI init
[    0.679607] pnp: PnP ACPI: found 3 devices
[    0.687476] clocksource: acpi_pm: mask: 0xffffff max_cycles: 0xffffff, max_idle_ns: 2085701024 ns
[    0.688963] NET: Registered protocol family 2
[    0.690412] TCP established hash table entries: 65536 (order: 7, 524288 bytes)
[    0.692038] TCP bind hash table entries: 65536 (order: 8, 1048576 bytes)
[    0.692999] TCP: Hash tables configured (established 65536 bind 65536)
[    0.693793] UDP hash table entries: 4096 (order: 5, 131072 bytes)
[    0.694537] UDP-Lite hash table entries: 4096 (order: 5, 131072 bytes)
[    0.695427] NET: Registered protocol family 1
[    0.696023] pci 0000:00:00.0: Limiting direct PCI/PCI transfers
[    0.696764] pci 0000:00:01.0: Activating ISA DMA hang workarounds
[    0.697608] Unpacking initramfs...
[    0.866299] Freeing initrd memory: 15696K
[    0.866910] PCI-DMA: Using software bounce buffering for IO (SWIOTLB)
[    0.867666] software IO TLB: mapped [mem 0xdbff0000-0xdfff0000] (64MB)
[    0.868582] clocksource: tsc: mask: 0xffffffffffffffff max_cycles: 0x22df1149949, max_idle_ns: 440795312789 ns
[    0.869902] platform rtc_cmos: registered platform RTC device (no PNP device found)
[    0.870972] Scanning for low memory corruption every 60 seconds
[    0.872058] audit: initializing netlink subsys (disabled)
[    0.872842] audit: type=2000 audit(1730506889.749:1): initialized
[    0.873789] Initialise system trusted keyring
[    0.874716] HugeTLB registered 2 MB page size, pre-allocated 0 pages
[    0.876526] zbud: loaded
[    0.877203] VFS: Disk quotas dquot_6.6.0
[    0.877771] VFS: Dquot-cache hash table entries: 512 (order 0, 4096 bytes)
[    0.878747] squashfs: version 4.0 (2009/01/31) Phillip Lougher
[    0.879692] fuse init (API version 7.23)
[    0.880442] Key type big_key registered
[    0.881033] Allocating IMA MOK and blacklist keyrings.
[    0.882311] Key type asymmetric registered
[    0.882896] Asymmetric key parser 'x509' registered
[    0.883554] Block layer SCSI generic (bsg) driver version 0.4 loaded (major 249)
[    0.884668] io scheduler noop registered
[    0.885305] io scheduler deadline registered (default)
[    0.886028] io scheduler cfq registered
[    0.886619] pci_hotplug: PCI Hot Plug PCI Core version: 0.5
[    0.887322] pciehp: PCI Express Hot Plug Controller Driver version: 0.4
[    0.888255] ACPI: AC Adapter [AC] (on-line)
[    0.888880] input: Power Button as /devices/LNXSYSTM:00/LNXPWRBN:00/input/input0
[    0.889882] ACPI: Power Button [PWRF]
[    0.890465] input: Sleep Button as /devices/LNXSYSTM:00/LNXSLPBN:00/input/input1
[    0.891527] ACPI: Sleep Button [SLPF]
[    0.892278] GHES: HEST is not enabled!
[    0.892730] ACPI: Battery Slot [BAT0] (battery present)
[    0.893591] Serial: 8250/16550 driver, 32 ports, IRQ sharing enabled
[    0.914724] 00:02: ttyS0 at I/O 0x3f8 (irq = 4, base_baud = 115200) is a 16550A
[    0.917193] Linux agpgart interface v0.103
[    0.919814] loop: module loaded
[    0.920867] scsi host0: ata_piix
[    0.921594] scsi host1: ata_piix
[    0.922105] ata1: PATA max UDMA/33 cmd 0x1f0 ctl 0x3f6 bmdma 0xd000 irq 14
[    0.922927] ata2: PATA max UDMA/33 cmd 0x170 ctl 0x376 bmdma 0xd008 irq 15
[    0.923843] libphy: Fixed MDIO Bus: probed
[    0.924561] tun: Universal TUN/TAP device driver, 1.6
[    0.925339] tun: (C) 1999-2004 Max Krasnyansky <maxk@qualcomm.com>
[    0.926309] PPP generic driver version 2.4.2
[    0.927112] ehci_hcd: USB 2.0 'Enhanced' Host Controller (EHCI) Driver
[    0.928103] ehci-pci: EHCI PCI platform driver
[    0.928847] ehci-platform: EHCI generic platform driver
[    0.929667] ohci_hcd: USB 1.1 'Open' Host Controller (OHCI) Driver
[    0.930581] ohci-pci: OHCI PCI platform driver
[    0.931306] ohci-platform: OHCI generic platform driver
[    0.932177] uhci_hcd: USB Universal Host Controller Interface driver
[    0.933178] i8042: PNP: PS/2 Controller [PNP0303:PS2K,PNP0f03:PS2M] at 0x60,0x64 irq 1,12
[    0.934854] serio: i8042 KBD port at 0x60,0x64 irq 1
[    0.935653] serio: i8042 AUX port at 0x60,0x64 irq 12
[    0.936564] mousedev: PS/2 mouse device common for all mice
[    0.937636] input: AT Translated Set 2 keyboard as /devices/platform/i8042/serio0/input/input2
[    0.939273] rtc_cmos rtc_cmos: rtc core: registered rtc_cmos as rtc0
[    0.940264] rtc_cmos rtc_cmos: alarms up to one day, 114 bytes nvram
[    0.941230] i2c /dev entries driver
[    0.941891] device-mapper: uevent: version 1.0.3
[    0.942678] device-mapper: ioctl: 4.34.0-ioctl (2015-10-28) initialised: dm-devel@redhat.com
[    0.943994] ledtrig-cpu: registered to indicate activity on CPUs
[    0.945190] NET: Registered protocol family 10
[    0.946104] NET: Registered protocol family 17
[    0.946850] Key type dns_resolver registered
[    0.947845] registered taskstats version 1
[    0.948535] Loading compiled-in X.509 certificates
[    0.949790] Loaded X.509 cert 'Build time autogenerated kernel key: cf00e047681d67edb2720680708b7d9498083038'
[    0.951272] zswap: loaded using pool lzo/zbud
[    0.954267] Key type trusted registered
[    0.957185] Key type encrypted registered
[    0.957859] AppArmor: AppArmor sha1 policy hashing enabled
[    0.958718] ima: No TPM chip found, activating TPM-bypass!
[    0.959621] ima: Allocated hash algorithm: sha1
[    0.960442] evm: HMAC attrs: 0x1
[    0.961269]   Magic number: 0:1:354
[    0.961908] input event0: hash matches
[    0.962657] rtc_cmos rtc_cmos: setting system clock to 2024-11-02 00:21:24 UTC (1730506884)
[    0.964032] BIOS EDD facility v0.16 2004-Jun-25, 0 devices found
[    0.964915] EDD information not available.
[    1.107744] Freeing unused kernel memory: 1492K
[    1.108684] Write protecting the kernel read-only data: 14336k
[    1.109951] Freeing unused kernel memory: 1584K
[    1.110781] Freeing unused kernel memory: 52K
Loading, please wait...
starting version 229
[    1.120799] random: systemd-udevd: uninitialized urandom read (16 bytes read, 3 bits of entropy available)
[    1.121285] random: udevadm: uninitialized urandom read (16 bytes read, 3 bits of entropy available)
[    1.121323] random: udevadm: uninitialized urandom read (16 bytes read, 3 bits of entropy available)
[    1.126487] random: systemd-udevd: uninitialized urandom read (16 bytes read, 3 bits of entropy available)
[    1.127466] random: udevadm: uninitialized urandom read (16 bytes read, 3 bits of entropy available)
[    1.127514] random: udevadm: uninitialized urandom read (16 bytes read, 3 bits of entropy available)
[    1.127696] random: udevadm: uninitialized urandom read (16 bytes read, 3 bits of entropy available)
[    1.127746] random: udevadm: uninitialized urandom read (16 bytes read, 3 bits of entropy available)
[    1.127817] random: udevadm: uninitialized urandom read (16 bytes read, 3 bits of entropy available)
[    1.127865] random: udevadm: uninitialized urandom read (16 bytes read, 3 bits of entropy available)
[    1.173658] e1000: Intel(R) PRO/1000 Network Driver - version 7.3.21-k8-NAPI
[    1.175216] e1000: Copyright (c) 1999-2006 Intel Corporation.
[    1.182186] Fusion MPT base driver 3.04.20
[    1.183248] Copyright (c) 1999-2008 LSI Corporation
[    1.189103] Fusion MPT SPI Host driver 3.04.20
[    1.194135] AVX2 version of gcm_enc/dec engaged.
[    1.195149] AES CTR mode by8 optimization enabled
[    1.381389] input: ImExPS/2 Generic Explorer Mouse as /devices/platform/i8042/serio1/input/input4
[    1.506624] e1000 0000:00:03.0 eth0: (PCI:33MHz:32-bit) 02:be:82:6b:cc:1d
[    1.508020] e1000 0000:00:03.0 eth0: Intel(R) PRO/1000 Network Connection
[    2.384484] e1000 0000:00:08.0 eth1: (PCI:33MHz:32-bit) 08:00:27:88:08:b6
[    2.393973] e1000 0000:00:08.0 eth1: Intel(R) PRO/1000 Network Connection
[    2.396005] e1000 0000:00:08.0 enp0s8: renamed from eth1
[    2.396898] mptbase: ioc0: Initiating bringup
[    2.408023] e1000 0000:00:03.0 enp0s3: renamed from eth0
[    2.517551] ioc0: LSI53C1030 A0: Capabilities={Initiator}
[    4.279553] scsi host2: ioc0: LSI53C1030 A0, FwRev=00000000h, Ports=1, MaxQ=256, IRQ=20
[    5.000641] scsi 2:0:0:0: Direct-Access     VBOX     HARDDISK         1.0  PQ: 0 ANSI: 5
[    5.004763] scsi target2:0:0: Beginning Domain Validation
[    5.009488] scsi target2:0:0: Domain Validation skipping write tests
[    5.012086] scsi target2:0:0: Ending Domain Validation
[    5.014608] scsi target2:0:0: asynchronous
[    5.017226] scsi 2:0:1:0: Direct-Access     VBOX     HARDDISK         1.0  PQ: 0 ANSI: 5
[    5.019755] scsi target2:0:1: Beginning Domain Validation
[    5.023098] scsi target2:0:1: Domain Validation skipping write tests
[    5.024115] scsi target2:0:1: Ending Domain Validation
[    5.024842] scsi target2:0:1: asynchronous
[    5.028925] sd 2:0:0:0: Attached scsi generic sg0 type 0
[    5.028956] sd 2:0:0:0: [sda] 83886080 512-byte logical blocks: (42.9 GB/40.0 GiB)
[    5.029080] sd 2:0:0:0: [sda] Write Protect is off
[    5.029155] sd 2:0:0:0: [sda] Incomplete mode parameter data
[    5.029156] sd 2:0:0:0: [sda] Assuming drive cache: write through
[    5.034220] sd 2:0:1:0: Attached scsi generic sg1 type 0
[    5.034225] sd 2:0:1:0: [sdb] 20480 512-byte logical blocks: (10.5 MB/10.0 MiB)
[    5.034346] sd 2:0:1:0: [sdb] Write Protect is off
[    5.034424] sd 2:0:1:0: [sdb] Incomplete mode parameter data
[    5.034425] sd 2:0:1:0: [sdb] Assuming drive cache: write through
[    5.036355]  sda: sda1
[    5.037395] sd 2:0:0:0: [sda] Attached SCSI disk
[    5.037486] sd 2:0:1:0: [sdb] Attached SCSI disk
Begin: Loading essential drivers ... [    6.275601] md: linear personality registered for level -1
[    6.278640] md: multipath personality registered for level -4
[    6.281270] md: raid0 personality registered for level 0
[    6.284529] md: raid1 personality registered for level 1
[    6.355788] raid6: sse2x1   gen() 14575 MB/s
[    6.423785] raid6: sse2x1   xor() 10740 MB/s
[    6.491791] raid6: sse2x2   gen() 21416 MB/s
[    6.563796] raid6: sse2x2   xor() 14827 MB/s
[    6.631806] raid6: sse2x4   gen() 22007 MB/s
[    6.699772] raid6: sse2x4   xor() 13832 MB/s
[    6.767770] raid6: avx2x1   gen() 26786 MB/s
[    6.835768] raid6: avx2x2   gen() 38323 MB/s
[    6.903797] raid6: avx2x4   gen() 37682 MB/s
[    6.904495] raid6: using algorithm avx2x2 gen() 38323 MB/s
[    6.905189] raid6: using avx2x2 recovery algorithm
[    6.906815] xor: automatically using best checksumming function:
[    6.943846]    avx       : 29574.000 MB/sec
[    6.945827] async_tx: api initialized (async)
[    6.952987] md: raid6 personality registered for level 6
[    6.953790] md: raid5 personality registered for level 5
[    6.954514] md: raid4 personality registered for level 4
[    6.960236] md: raid10 personality registered for level 10
done.
Begin: Running /scripts/init-premount ... done.
Begin: Mounting root file system ... Begin: Running /scripts/local-top ... done.
Begin: Running /scripts/local-premount ... [    6.983830] Btrfs loaded
Scanning for Btrfs filesystems
done.
Begin: Will now check root file system ... fsck from util-linux 2.27.1
[/sbin/fsck.ext4 (1) -- /dev/sda1] fsck.ext4 -a -C0 /dev/sda1 
cloudimg-rootfs: clean, 162259/5120000 files, 2014746/10485499 blocks
done.
[    7.015764] EXT4-fs (sda1): mounted filesystem with ordered data mode. Opts: (null)
done.
Begin: Running /scripts/local-bottom ... done.
Begin: Running /scripts/init-bottom ... done.
[    7.070261] systemd[1]: systemd 229 running in system mode. (+PAM +AUDIT +SELINUX +IMA +APPARMOR +SMACK +SYSVINIT +UTMP +LIBCRYPTSETUP +GCRYPT +GNUTLS +ACL +XZ -LZ4 +SECCOMP +BLKID +ELFUTILS +KMOD -IDN)
[    7.072486] systemd[1]: Detected virtualization oracle.
[    7.073157] systemd[1]: Detected architecture x86-64.

Welcome to [1mUbuntu 16.04.7 LTS[0m!

[    7.075054] systemd[1]: Set hostname to <integration-server>.
[    8.057795] systemd[1]: Reached target Encrypted Volumes.
[[0;32m  OK  [0m] Reached target Encrypted Volumes.
[    8.059134] systemd[1]: Listening on Syslog Socket.
[[0;32m  OK  [0m] Listening on Syslog Socket.
[    8.060375] systemd[1]: Started Forward Password Requests to Wall Directory Watch.
[[0;32m  OK  [0m] Started Forward Password Requests to Wall Directory Watch.
[    8.062012] systemd[1]: Listening on LVM2 metadata daemon socket.
[[0;32m  OK  [0m] Listening on LVM2 metadata daemon socket.
[    8.063302] systemd[1]: Set up automount Arbitrary Executable File Formats File System Automount Point.
[[0;32m  OK  [0m] Set up automount Arbitrary Executab...ats File System Automount Point.
[    8.065345] systemd[1]: Created slice User and Session Slice.
[[0;32m  OK  [0m] Created slice User and Session Slice.
[    8.066550] systemd[1]: Listening on LVM2 poll daemon socket.
[[0;32m  OK  [0m] Listening on LVM2 poll daemon socket.
[    8.067745] systemd[1]: Listening on Device-mapper event daemon FIFOs.
[[0;32m  OK  [0m] Listening on Device-mapper event daemon FIFOs.
[    8.069036] systemd[1]: Reached target System Time Synchronized.
[[0;32m  OK  [0m] Reached target System Time Synchronized.
[    8.070240] systemd[1]: Listening on /dev/initctl Compatibility Named Pipe.
[[0;32m  OK  [0m] Listening on /dev/initctl Compatibility Named Pipe.
[    8.071624] systemd[1]: Listening on udev Kernel Socket.
[[0;32m  OK  [0m] Listening on udev Kernel Socket.
[    8.072807] systemd[1]: Started Trigger resolvconf update for networkd DNS.
[[0;32m  OK  [0m] Started Trigger resolvconf update for networkd DNS.
[    8.074117] systemd[1]: Listening on fsck to fsckd communication Socket.
[[0;32m  OK  [0m] Listening on fsck to fsckd communication Socket.
[    8.075480] systemd[1]: Reached target User and Group Name Lookups.
[[0;32m  OK  [0m] Reached target User and Group Name Lookups.
[    8.076890] systemd[1]: Listening on Journal Socket.
[[0;32m  OK  [0m] Listening on Journal Socket.
[    8.077980] systemd[1]: Listening on Journal Socket (/dev/log).
[[0;32m  OK  [0m] Listening on Journal Socket (/dev/log).
[    8.079275] systemd[1]: Listening on udev Control Socket.
[[0;32m  OK  [0m] Listening on udev Control Socket.
[    8.080651] systemd[1]: Created slice System Slice.
[[0;32m  OK  [0m] Created slice System Slice.
[    8.100003] systemd[1]: Starting Create list of required static device nodes for the current kernel...
         Starting Create list of required st... nodes for the current kernel...
[    8.102731] systemd[1]: Mounting POSIX Message Queue File System...
         Mounting POSIX Message Queue File System...
[    8.105457] systemd[1]: Mounting Debug File System...
         Mounting Debug File System...
[    8.107168] systemd[1]: Starting Monitoring of LVM2 mirrors, snapshots etc. using dmeventd or progress polling...
         Starting Monitoring of LVM2 mirrors... dmeventd or progress polling...
[    8.109424] systemd[1]: Reached target Slices.
[[0;32m  OK  [0m] Reached target Slices.
[    8.110970] systemd[1]: Starting Set console keymap...
         Starting Set console keymap...
[    8.113000] systemd[1]: Mounting Huge Pages File System...
         Mounting Huge Pages File System...
[    8.116171] systemd[1]: Starting Load Kernel Modules...
         Starting Load Kernel Modules...
[    8.117866] systemd[1]: Starting Nameserver information manager...
         Starting Nameserver information manager...
[    8.119650] systemd[1]: Created slice system-serial\x2dgetty.slice.
[[0;32m  OK  [0m] Created slice system-serial\x2dgetty.slice.
[    8.121636] systemd[1]: Starting Uncomplicated firewall...
         Starting Uncomplicated firewall...
[    8.123328] systemd[1]: Reached target Swap.
[    8.124227] Loading iSCSI transport class v2.0-870.
[[0;32m  OK  [0m] Reached target Swap.
[    8.125595] systemd[1]: Starting Remount Root and Kernel File Systems...
         Starting Remount Root and Kernel File Systems...
[    8.127317] systemd[1]: Listening on Journal Audit Socket.
[    8.128317] EXT4-fs (sda1): re-mounted. Opts: (null)
[[0;32m  OK  [0m] Listening on Journal Audit Socket.
[    8.130585] systemd[1]: Starting Journal Service...
         Starting Journal Service...
[    8.132003] iscsi: registered transport (tcp)
[    8.133509] systemd[1]: Mounted Huge Pages File System.
[[0;32m  OK  [0m] Mounted Huge Pages File System.
[    8.135332] systemd[1]: Mounted POSIX Message Queue File System.
[[0;32m  OK  [0m] Mounted POSIX Message Queue File System.
[    8.137090] systemd[1]: Mounted Debug File System.
[[0;32m  OK  [0m] Mounted Debug File System.
[    8.139574] systemd[1]: Started Create list of required static device nodes for the current kernel.
[[0;32m  OK  [0m] Started Create list of required sta...ce nodes for the current kernel.
[    8.143253] systemd[1]: Started Uncomplicated firewall.
[[0;32m  OK  [0m] Started Uncomplicated firewall.
[    8.145606] systemd[1]: Started Remount Root and Kernel File Systems.
[[0;32m  OK  [0m] Started Remount Root and Kernel File Systems.
[    8.148580] systemd[1]: Started Nameserver information manager.
[[0;32m  OK  [0m] Started Nameserver information manager.
[    8.150742] systemd[1]: Started Set console keymap.
[[0;32m  OK  [0m] Started Set console keymap.
[    8.153121] systemd[1]: Started Journal Service.
[[0;32m  OK  [0m] Started Journal Service.
[[0;32m  OK  [0m] Started LVM2 metadata daemon.
         Starting Load/Save Random Seed...
         Starting Flush Journal to Persistent Storage...
[    8.160205] iscsi: registered transport (iser)
         Starting udev Coldplug all Devices...
         Starting Create Static Device Nodes in /dev...
[[0;32m  OK  [0m] Started Load Kernel Modules.
[[0;32m  OK  [0m] Started Load/Save Random Seed.
         Mounting FUSE Control File System...
         Starting Apply Kernel Variables...
[[0;32m  OK  [0m] Mounted FUSE Control File System.
[    8.174072] systemd-journald[423]: Received request to flush runtime journal from PID 1
[[0;32m  OK  [0m] Started Create Static Device Nodes in /dev.
         Starting udev Kernel Device Manager...
[[0;32m  OK  [0m] Started Flush Journal to Persistent Storage.
[[0;32m  OK  [0m] Started Apply Kernel Variables.
[[0;32m  OK  [0m] Started udev Kernel Device Manager.
[[0;32m  OK  [0m] Started udev Coldplug all Devices.
[[0;32m  OK  [0m] Started Dispatch Password Requests to Console Directory Watch.
[[0;32m  OK  [0m] Found device /dev/ttyS0.
[[0;32m  OK  [0m] Found device 82540EM Gigabit Ethern...r (PRO/1000 MT Desktop Adapter).
[[0;32m  OK  [0m] Found device 82540EM Gigabit Ethern...r (PRO/1000 MT Desktop Adapter).
[[0;32m  OK  [0m] Listening on Load/Save RF Kill Switch Status /dev/rfkill Watch.
[[0;32m  OK  [0m] Started Monitoring of LVM2 mirrors,...ng dmeventd or progress polling.
[[0;32m  OK  [0m] Reached target Local File Systems (Pre).
[[0;32m  OK  [0m] Reached target Local File Systems.
         Starting Set console font and keymap...
         Starting LSB: AppArmor initialization...
         Starting Create Volatile Files and Directories...
         Starting Initial cloud-init job (pre-networking)...
         Starting Tell Plymouth To Write Out Runtime Data...
[[0;32m  OK  [0m] Started Create Volatile Files and Directories.
[[0;32m  OK  [0m] Started Tell Plymouth To Write Out Runtime Data.
         Starting Update UTMP about System Boot/Shutdown...
[[0;32m  OK  [0m] Started Update UTMP about System Boot/Shutdown.
[[0;32m  OK  [0m] Started LSB: AppArmor initialization.
         Starting Load AppArmor profiles managed internally by snapd...
[[0;32m  OK  [0m] Started Load AppArmor profiles managed internally by snapd.
[[0;32m  OK  [0m] Started Set console font and keymap.
[[0;32m  OK  [0m] Created slice system-getty.slice.
[    8.919857] cloud-init[677]: Cloud-init v. 21.1-19-gbad84ad4-0ubuntu1~16.04.2 running 'init-local' at Sat, 02 Nov 2024 00:21:32 +0000. Up 8.77 seconds.
[[0;32m  OK  [0m] Started Initial cloud-init job (pre-networking).
[[0;32m  OK  [0m] Reached target Network (Pre).
         Starting Raise network interfaces...
[[0;32m  OK  [0m] Started ifup for enp0s3.
[[0;32m  OK  [0m] Started ifup for enp0s8.
[[0;32m  OK  [0m] Started Raise network interfaces.
[[0;32m  OK  [0m] Reached target Network.
         Starting Initial cloud-init job (metadata service crawler)...
[    9.386616] cloud-init[1092]: Cloud-init v. 21.1-19-gbad84ad4-0ubuntu1~16.04.2 running 'init' at Sat, 02 Nov 2024 00:21:32 +0000. Up 9.24 seconds.
[    9.387756] cloud-init[1092]: ci-info: ++++++++++++++++++++++++++++++++++++++Net device info++++++++++++++++++++++++++++++++++++++
[    9.388945] cloud-init[1092]: ci-info: +--------+------+----------------------------+---------------+--------+-------------------+
[    9.390291] cloud-init[1092]: ci-info: | Device |  Up  |          Address           |      Mask     | Scope  |     Hw-Address    |
[    9.391608] cloud-init[1092]: ci-info: +--------+------+----------------------------+---------------+--------+-------------------+
[    9.392950] cloud-init[1092]: ci-info: | enp0s3 | True |         10.0.2.15          | 255.255.255.0 | global | 02:be:82:6b:cc:1d |
[    9.394331] cloud-init[1092]: ci-info: | enp0s3 | True | fe80::be:82ff:fe6b:cc1d/64 |       .       |  link  | 02:be:82:6b:cc:1d |
[    9.395667] cloud-init[1092]: ci-info: | enp0s8 | True |        192.168.56.9        | 255.255.255.0 | global | 08:00:27:88:08:b6 |
[    9.397093] cloud-init[1092]: ci-info: | enp0s8 | True | fe80::a00:27ff:fe88:8b6/64 |       .       |  link  | 08:00:27:88:08:b6 |
[    9.398462] cloud-init[1092]: ci-info: |   lo   | True |         127.0.0.1          |   255.0.0.0   |  host  |         .         |
[    9.399633] cloud-init[1092]: ci-info: |   lo   | True |          ::1/128           |       .       |  host  |         .         |
[    9.400906] cloud-init[1092]: ci-info: +--------+------+----------------------------+---------------+--------+-------------------+
[    9.402189] cloud-init[1092]: ci-info: ++++++++++++++++++++++++++++Route IPv4 info++++++++++++++++++++++++++++
[    9.403371] cloud-init[1092]: ci-info: +-------+--------------+----------+---------------+-----------+-------+
[    9.404524] cloud-init[1092]: ci-info: | Route | Destination  | Gateway  |    Genmask    | Interface | Flags |
[    9.405651] cloud-init[1092]: ci-info: +-------+--------------+----------+---------------+-----------+-------+
[    9.406767] cloud-init[1092]: ci-info: |   0   |   0.0.0.0    | 10.0.2.2 |    0.0.0.0    |   enp0s3  |   UG  |
[    9.407918] cloud-init[1092]: ci-info: |   1   |   10.0.2.0   | 0.0.0.0  | 255.255.255.0 |   enp0s3  |   U   |
[    9.409076] cloud-init[1092]: ci-info: |   2   | 192.168.56.0 | 0.0.0.0  | 255.255.255.0 |   enp0s8  |   U   |
[    9.410201] cloud-init[1092]: ci-info: +-------+--------------+----------+---------------+-----------+-------+
[    9.411302] cloud-init[1092]: ci-info: +++++++++++++++++++Route IPv6 info+++++++++++++++++++
[    9.412313] cloud-init[1092]: ci-info: +-------+-------------+---------+-----------+-------+
[    9.413319] cloud-init[1092]: ci-info: | Route | Destination | Gateway | Interface | Flags |
[    9.414357] cloud-init[1092]: ci-info: +-------+-------------+---------+-----------+-------+
[    9.415345] cloud-init[1092]: ci-info: |   0   |  fe80::/64  |    ::   |   enp0s8  |   U   |
[    9.416362] cloud-init[1092]: ci-info: |   1   |  fe80::/64  |    ::   |   enp0s3  |   U   |
[    9.417300] cloud-init[1092]: ci-info: |   4   |   ff00::/8  |    ::   |   enp0s8  |   U   |
[    9.418215] cloud-init[1092]: ci-info: |   5   |   ff00::/8  |    ::   |   enp0s3  |   U   |
[    9.419151] cloud-init[1092]: ci-info: +-------+-------------+---------+-----------+-------+
[[0;32m  OK  [0m] Started Initial cloud-init job (metadata service crawler).
[[0;32m  OK  [0m] Reached target Network is Online.
         Starting iSCSI initiator daemon (iscsid)...
[[0;32m  OK  [0m] Reached target System Initialization.
[[0;32m  OK  [0m] Started ACPI Events Check.
[[0;32m  OK  [0m] Reached target Paths.
[[0;32m  OK  [0m] Started Daily Cleanup of Temporary Directories.
[[0;32m  OK  [0m] Listening on D-Bus System Message Bus Socket.
[[0;32m  OK  [0m] Started Daily apt download activities.
[[0;32m  OK  [0m] Listening on ACPID Listen Socket.
[[0;32m  OK  [0m] Listening on UUID daemon activation socket.
         Starting LXD - unix socket.
         Starting Docker Socket for the API.
[[0;32m  OK  [0m] Started Message of the Day.
[[0;32m  OK  [0m] Started Daily apt upgrade and clean activities.
[[0;32m  OK  [0m] Reached target Timers.
         Starting Socket activation for snappy daemon.
[[0;32m  OK  [0m] Reached target Cloud-config availability.
[[0;32m  OK  [0m] Listening on LXD - unix socket.
[[0;32m  OK  [0m] Listening on Docker Socket for the API.
[[0;32m  OK  [0m] Listening on Socket activation for snappy daemon.
[[0;32m  OK  [0m] Reached target Sockets.
[[0;32m  OK  [0m] Reached target Basic System.
         Starting /etc/rc.local Compatibility...
[[0;32m  OK  [0m] Started GitLab Runner.
         Starting OpenBSD Secure Shell server...
         Starting LSB: Record successful boot for GRUB...
[[0;32m  OK  [0m] Started FUSE filesystem for LXC.
         Starting LSB: MD monitoring daemon...
         Starting System Logging Service...
         Starting Accounts Service...
         Starting Virtualbox guest utils...
[[0;32m  OK  [0m] Started Deferred execution scheduler.
         Starting containerd container runtime...
         Starting Login Service...
[[0;32m  OK  [0m] Started Regular background program processing daemon.
         Starting Snap Daemon...
[[0;32m  OK  [0m] Started ACPI event daemon.
[[0;32m  OK  [0m] Started D-Bus System Message Bus.
         Starting LXD - container startup/shutdown...
[[0;32m  OK  [0m] Started System Logging Service.
[[0;32m  OK  [0m] Started iSCSI initiator daemon (iscsid).
[[0;32m  OK  [0m] Started /etc/rc.local Compatibility.
[[0;32m  OK  [0m] Started OpenBSD Secure Shell server.
[[0;32m  OK  [0m] Started Login Service.
[[0;32m  OK  [0m] Started Unattended Upgrades Shutdown.
         Starting Authenticate and Authorize Users to Run Privileged Tasks...
         Starting Login to default iSCSI targets...
[[0;32m  OK  [0m] Started LSB: Record successful boot for GRUB.
[[0;32m  OK  [0m] Started LSB: MD monitoring daemon.
[[0;32m  OK  [0m] Started Login to default iSCSI targets.
[[0;32m  OK  [0m] Reached target Remote File Systems (Pre).
         Mounting /vagrant...
         Mounting /vagrant_data...
[[0;32m  OK  [0m] Mounted /vagrant.
[[0;32m  OK  [0m] Started Virtualbox guest utils.
[[0;32m  OK  [0m] Mounted /vagrant_data.
[[0;32m  OK  [0m] Reached target Remote File Systems.
         Starting Permit User Sessions...
         Starting LSB: daemon to balance interrupts for SMP systems...
         Starting LSB: Set the CPU Frequency Scaling governor to "ondemand"...
         Starting LSB: automatic crash report generation...
[[0;32m  OK  [0m] Started Permit User Sessions.
         Starting Terminate Plymouth Boot Screen...
         Starting Hold until boot process finishes up...
[[0;32m  OK  [0m] Started Hold until boot process finishes up.
[[0;32m  OK  [0m] Started Getty on tty1.
[[0;32m  OK  [0m] Started Serial Getty on ttyS0.
[[0;32m  OK  [0m] Reached target Login Prompts.
         Starting Set console scheme...
[[0;32m  OK  [0m] Started Terminate Plymouth Boot Screen.
[[0;32m  OK  [0m] Started Set console scheme.
[[0;32m  OK  [0m] Started LSB: Set the CPU Frequency Scaling governor to "ondemand".
[[0;32m  OK  [0m] Started Authenticate and Authorize Users to Run Privileged Tasks.
[[0;32m  OK  [0m] Started Accounts Service.
[[0;32m  OK  [0m] Started LSB: daemon to balance interrupts for SMP systems.
[[0;32m  OK  [0m] Started LSB: automatic crash report generation.
[[0;32m  OK  [0m] Started LXD - container startup/shutdown.
[[0;32m  OK  [0m] Started Snap Daemon.
         Starting Wait until snapd is fully seeded...
[[0;32m  OK  [0m] Started Wait until snapd is fully seeded.
         Starting Apply the settings specified in cloud-config...
[[0;32m  OK  [0m] Started containerd container runtime.
         Starting Docker Application Container Engine...
[   10.023776] cloud-init[1381]: Cloud-init v. 21.1-19-gbad84ad4-0ubuntu1~16.04.2 running 'modules:config' at Sat, 02 Nov 2024 00:21:33 +0000. Up 9.96 seconds.
[[0;32m  OK  [0m] Started Apply the settings specified in cloud-config.
         Starting cloud-id shim...
[[0;32m  OK  [0m] Started Docker Application Container Engine.
[[0;32m  OK  [0m] Started cloud-id shim.
[[0;32m  OK  [0m] Reached target Multi-User System.
         Starting Execute cloud user/final scripts...
[[0;32m  OK  [0m] Reached target Graphical Interface.
         Starting Update UTMP about System Runlevel Changes...
[[0;32m  OK  [0m] Started GitLab Runit supervision process.
[[0;32m  OK  [0m] Started Update UTMP about System Runlevel Changes.
[   10.575301] cloud-init[1592]: Cloud-init v. 21.1-19-gbad84ad4-0ubuntu1~16.04.2 running 'modules:final' at Sat, 02 Nov 2024 00:21:34 +0000. Up 10.48 seconds.
[   10.576898] cloud-init[1592]: Cloud-init v. 21.1-19-gbad84ad4-0ubuntu1~16.04.2 finished at Sat, 02 Nov 2024 00:21:34 +0000. Datasource DataSourceNoCloud [seed=/dev/sdb][dsmode=net].  Up 10.57 seconds
[[0;32m  OK  [0m] Started Execute cloud user/final scripts.
[[0;32m  OK  [0m] Reached target Cloud-init target.

Ubuntu 16.04.7 LTS integration-server ttyS0

integration-server login: [[0;32m  OK  [0m] Stopped Unattended Upgrades Shutdown.
         Stopping ACPI event daemon...
[[0;32m  OK  [0m] Stopped target Timers.
[[0;32m  OK  [0m] Stopped Daily Cleanup of Temporary Directories.
[[0;32m  OK  [0m] Stopped target Cloud-init target.
         Stopping GitLab Runit supervision process...
[[0;32m  OK  [0m] Stopped target Graphical Interface.
         Stopping Session 3 of user vagrant.
         Stopping Authenticate and Authorize Users to Run Privileged Tasks...
[[0;32m  OK  [0m] Stopped Message of the Day.
[[0;32m  OK  [0m] Stopped Daily apt upgrade and clean activities.
[[0;32m  OK  [0m] Stopped Daily apt download activities.
[[0;32m  OK  [0m] Stopped target System Time Synchronized.
[[0;32m  OK  [0m] Closed Load/Save RF Kill Switch Status /dev/rfkill Watch.
[[0;32m  OK  [0m] Stopped Execute cloud user/final scripts.
[[0;32m  OK  [0m] Stopped Apply the settings specified in cloud-config.
         Stopping Accounts Service...
         Stopping User Manager for UID 1000...
[[0;32m  OK  [0m] Stopped target Cloud-config availability.
[[0;32m  OK  [0m] Stopped Accounts Service.
[[0;32m  OK  [0m] Stopped Authenticate and Authorize Users to Run Privileged Tasks.
[[0;32m  OK  [0m] Stopped Session 3 of user vagrant.
[[0;32m  OK  [0m] Stopped User Manager for UID 1000.
[[0;32m  OK  [0m] Removed slice User Slice of vagrant.
[[0;32m  OK  [0m] Stopped User Manager for UID 1000.
[[0;32m  OK  [0m] Removed slice user-1000.slice.
[[0;32m  OK  [0m] Unmounted /run/user/1000.
[[0;32m  OK  [0m] Stopped ACPI event daemon.
[[0;32m  OK  [0m] Stopped GitLab Runit supervision process.
[[0;32m  OK  [0m] Stopped target Multi-User System.
         Stopping Docker Application Container Engine...
         Stopping D-Bus System Message Bus...
         Stopping LXD - container startup/shutdown...
         Stopping Virtualbox guest utils...
         Stopping LSB: daemon to balance interrupts for SMP systems...
         Stopping LSB: automatic crash report generation...
         Stopping System Logging Service...
         Stopping LSB: Set the CPU Frequency Scaling governor to "ondemand"...
         Stopping Regular background program processing daemon...
         Stopping Login Service...
         Stopping Deferred execution scheduler...
         Stopping GitLab Runner...
         Stopping FUSE filesystem for LXC...
[[0;32m  OK  [0m] Stopped Wait until snapd is fully seeded.
[[0;32m  OK  [0m] Stopped target Login Prompts.
         Stopping Serial Getty on ttyS0...
         Stopping Getty on tty1...         Stopping LSB: Record successful boot for GRUB...
         Stopping LSB: MD monitoring daemon...
[[0;32m  OK  [0m] Unmounted /var/lib/lxcfs.
[[0;32m  OK  [0m] Stopped System Logging Service.
[[0;32m  OK  [0m] Stopped Deferred execution scheduler.
[[0;32m  OK  [0m] Stopped Regular background program processing daemon.
[[0;32m  OK  [0m] Stopped OpenBSD Secure Shell server.
[[0;32m  OK  [0m] Stopped Getty on tty1.
[[0;32m  OK  [0m] Stopped Serial Getty on ttyS0.
[[0;32m  OK  [0m] Stopped Docker Application Container Engine.
[[0;32m  OK  [0m] Stopped D-Bus System Message Bus.
[[0;32m  OK  [0m] Stopped FUSE filesystem for LXC.
[[0;32m  OK  [0m] Stopped LXD - container startup/shutdown.
[[0;32m  OK  [0m] Stopped LSB: daemon to balance interrupts for SMP systems.
         Stopping containerd container runtime...
[[0;32m  OK  [0m] Removed slice system-serial\x2dgetty.slice.
[[0;32m  OK  [0m] Removed slice system-getty.slice.
         Stopping Permit User Sessions...
[[0;32m  OK  [0m] Stopped /etc/rc.local Compatibility.
[[0;32m  OK  [0m] Stopped containerd container runtime.
[[0;32m  OK  [0m] Stopped Virtualbox guest utils.
[[0;32m  OK  [0m] Stopped LSB: automatic crash report generation.
[[0;32m  OK  [0m] Stopped LSB: Set the CPU Frequency Scaling governor to "ondemand".
[[0;32m  OK  [0m] Stopped LSB: Record successful boot for GRUB.
[[0;32m  OK  [0m] Stopped LSB: MD monitoring daemon.
[[0;32m  OK  [0m] Stopped Permit User Sessions.
[[0;32m  OK  [0m] Stopped target Remote File Systems.
         Unmounting /vagrant...
         Unmounting /vagrant_data...
[[0;32m  OK  [0m] Stopped Login Service.
[[0;32m  OK  [0m] Stopped target User and Group Name Lookups.
[[0;32m  OK  [0m] Unmounted /vagrant.
[[0;32m  OK  [0m] Unmounted /vagrant_data.
[[0;32m  OK  [0m] Reached target Unmount All Filesystems.
[[0;32m  OK  [0m] Stopped target Remote File Systems (Pre).
         Stopping Login to default iSCSI targets...
[[0;32m  OK  [0m] Stopped Login to default iSCSI targets.
         Stopping iSCSI initiator daemon (iscsid)...
[[0;32m  OK  [0m] Stopped iSCSI initiator daemon (iscsid).
[[0;32m  OK  [0m] Stopped target Network is Online.
[[0;32m  OK  [0m] Stopped GitLab Runner.
[[0;32m  OK  [0m] Stopped target Basic System.
[[0;32m  OK  [0m] Stopped target Paths.
[[0;32m  OK  [0m] Stopped Dispatch Password Requests to Console Directory Watch.
[[0;32m  OK  [0m] Stopped Forward Password Requests to Wall Directory Watch.
[[0;32m  OK  [0m] Stopped ACPI Events Check.
[[0;32m  OK  [0m] Stopped target Sockets.
[[0;32m  OK  [0m] Closed UUID daemon activation socket.
[[0;32m  OK  [0m] Closed Socket activation for snappy daemon.
[[0;32m  OK  [0m] Closed D-Bus System Message Bus Socket.
[[0;32m  OK  [0m] Closed Docker Socket for the API.
[[0;32m  OK  [0m] Closed ACPID Listen Socket.
[[0;32m  OK  [0m] Closed Syslog Socket.
[[0;32m  OK  [0m] Closed LXD - unix socket.
[[0;32m  OK  [0m] Stopped target Slices.
[[0;32m  OK  [0m] Removed slice User and Session Slice.
[[0;32m  OK  [0m] Stopped target System Initialization.
         Stopping Update UTMP about System Boot/Shutdown...
[[0;32m  OK  [0m] Stopped Initial cloud-init job (metadata service crawler).
[[0;32m  OK  [0m] Stopped target Swap.
[[0;32m  OK  [0m] Stopped target Encrypted Volumes.
         Stopping Load/Save Random Seed...
[[0;32m  OK  [0m] Stopped target Network.
         Stopping Raise network interfaces...
[[0;32m  OK  [0m] Stopped Load/Save Random Seed.
[[0;32m  OK  [0m] Stopped Update UTMP about System Boot/Shutdown.
[[0;32m  OK  [0m] Stopped Create Volatile Files and Directories.
[[0;32m  OK  [0m] Stopped Raise network interfaces.
[[0;32m  OK  [0m] Stopped target Network (Pre).
[[0;32m  OK  [0m] Stopped Initial cloud-init job (pre-networking).
[[0;32m  OK  [0m] Stopped Apply Kernel Variables.
[[0;32m  OK  [0m] Stopped Load Kernel Modules.
[[0;32m  OK  [0m] Stopped target Local File Systems.
[[0;32m  OK  [0m] Stopped target Local File Systems (Pre).
[[0;32m  OK  [0m] Stopped Create Static Device Nodes in /dev.
[[0;32m  OK  [0m] Stopped Remount Root and Kernel File Systems.
[[0;32m  OK  [0m] Reached target Shutdown.
[   39.000140] reboot: Power down
